2020-11-29 18:06:37.391  INFO 27831 --- [main] com.xkcoding.codegen.CodeGenServiceTest  : Starting CodeGenServiceTest on stlife-3.local with PID 27831 (started by stlife in /Users/stlife/tech/java/springboot/stlife/stlife-components/cmp-gen)
2020-11-29 18:06:37.392  INFO 27831 --- [main] com.xkcoding.codegen.CodeGenServiceTest  : No active profile set, falling back to default profiles: default
2020-11-29 18:06:38.402  INFO 27831 --- [main] o.s.s.concurrent.ThreadPoolTaskExecutor  : Initializing ExecutorService 'applicationTaskExecutor'
2020-11-29 18:06:38.523  INFO 27831 --- [main] o.s.b.a.w.s.WelcomePageHandlerMapping    : Adding welcome page: class path resource [static/index.html]
2020-11-29 18:06:38.652  INFO 27831 --- [main] com.xkcoding.codegen.CodeGenServiceTest  : Started CodeGenServiceTest in 21.793 seconds (JVM running for 23.51)
2020-11-29 18:06:38.915  INFO 27831 --- [main] com.zaxxer.hikari.HikariDataSource       : HikariPool-1 - Starting...
2020-11-29 18:06:39.349  INFO 27831 --- [main] com.zaxxer.hikari.HikariDataSource       : HikariPool-1 - Start completed.
2020-11-29 18:06:39.396  INFO 27831 --- [main] com.zaxxer.hikari.HikariDataSource       : HikariPool-1 - Shutdown initiated...
2020-11-29 18:06:39.399  INFO 27831 --- [main] com.zaxxer.hikari.HikariDataSource       : HikariPool-1 - Shutdown completed.
2020-11-29 18:06:39.399  INFO 27831 --- [main] com.zaxxer.hikari.HikariDataSource       : HikariPool-2 - Starting...
2020-11-29 18:06:39.426  INFO 27831 --- [main] com.zaxxer.hikari.HikariDataSource       : HikariPool-2 - Start completed.
2020-11-29 18:06:39.429  INFO 27831 --- [main] com.zaxxer.hikari.HikariDataSource       : HikariPool-2 - Shutdown initiated...
2020-11-29 18:06:39.430  INFO 27831 --- [main] com.zaxxer.hikari.HikariDataSource       : HikariPool-2 - Shutdown completed.
2020-11-29 18:06:39.469  WARN 27831 --- [main] org.apache.velocity.deprecation          : configuration key 'file.resource.loader.class' has been deprecated in favor of 'resource.loader.file.class'
2020-11-29 18:06:39.596  INFO 27831 --- [main] com.zaxxer.hikari.HikariDataSource       : HikariPool-3 - Starting...
2020-11-29 18:06:39.624  INFO 27831 --- [main] com.zaxxer.hikari.HikariDataSource       : HikariPool-3 - Start completed.
2020-11-29 18:06:39.626  INFO 27831 --- [main] com.zaxxer.hikari.HikariDataSource       : HikariPool-3 - Shutdown initiated...
2020-11-29 18:06:39.628  INFO 27831 --- [main] com.zaxxer.hikari.HikariDataSource       : HikariPool-3 - Shutdown completed.
2020-11-29 18:06:39.628  INFO 27831 --- [main] com.zaxxer.hikari.HikariDataSource       : HikariPool-4 - Starting...
2020-11-29 18:06:39.657  INFO 27831 --- [main] com.zaxxer.hikari.HikariDataSource       : HikariPool-4 - Start completed.
2020-11-29 18:06:39.660  INFO 27831 --- [main] com.zaxxer.hikari.HikariDataSource       : HikariPool-4 - Shutdown initiated...
2020-11-29 18:06:39.662  INFO 27831 --- [main] com.zaxxer.hikari.HikariDataSource       : HikariPool-4 - Shutdown completed.
2020-11-29 18:06:39.663  WARN 27831 --- [main] org.apache.velocity.deprecation          : configuration key 'file.resource.loader.class' has been deprecated in favor of 'resource.loader.file.class'
2020-11-29 18:06:39.690  INFO 27831 --- [Thread-2] o.s.s.concurrent.ThreadPoolTaskExecutor  : Shutting down ExecutorService 'applicationTaskExecutor'
2020-11-29 18:07:53.521  INFO 27859 --- [main] com.xkcoding.codegen.CodeGenServiceTest  : Starting CodeGenServiceTest on stlife-3.local with PID 27859 (started by stlife in /Users/stlife/tech/java/springboot/stlife/stlife-components/cmp-gen)
2020-11-29 18:07:53.522  INFO 27859 --- [main] com.xkcoding.codegen.CodeGenServiceTest  : No active profile set, falling back to default profiles: default
2020-11-29 18:07:54.470  INFO 27859 --- [main] o.s.s.concurrent.ThreadPoolTaskExecutor  : Initializing ExecutorService 'applicationTaskExecutor'
2020-11-29 18:07:54.593  INFO 27859 --- [main] o.s.b.a.w.s.WelcomePageHandlerMapping    : Adding welcome page: class path resource [static/index.html]
2020-11-29 18:07:54.750  INFO 27859 --- [main] com.xkcoding.codegen.CodeGenServiceTest  : Started CodeGenServiceTest in 21.53 seconds (JVM running for 22.223)
2020-11-29 18:07:54.977  INFO 27859 --- [main] com.zaxxer.hikari.HikariDataSource       : HikariPool-1 - Starting...
2020-11-29 18:07:55.398  INFO 27859 --- [main] com.zaxxer.hikari.HikariDataSource       : HikariPool-1 - Start completed.
2020-11-29 18:07:55.444  INFO 27859 --- [main] com.zaxxer.hikari.HikariDataSource       : HikariPool-1 - Shutdown initiated...
2020-11-29 18:07:55.448  INFO 27859 --- [main] com.zaxxer.hikari.HikariDataSource       : HikariPool-1 - Shutdown completed.
2020-11-29 18:07:55.448  INFO 27859 --- [main] com.zaxxer.hikari.HikariDataSource       : HikariPool-2 - Starting...
2020-11-29 18:07:55.474  INFO 27859 --- [main] com.zaxxer.hikari.HikariDataSource       : HikariPool-2 - Start completed.
2020-11-29 18:07:55.478  INFO 27859 --- [main] com.zaxxer.hikari.HikariDataSource       : HikariPool-2 - Shutdown initiated...
2020-11-29 18:07:55.480  INFO 27859 --- [main] com.zaxxer.hikari.HikariDataSource       : HikariPool-2 - Shutdown completed.
2020-11-29 18:07:55.518  WARN 27859 --- [main] org.apache.velocity.deprecation          : configuration key 'file.resource.loader.class' has been deprecated in favor of 'resource.loader.file.class'
2020-11-29 18:07:55.643  INFO 27859 --- [main] com.zaxxer.hikari.HikariDataSource       : HikariPool-3 - Starting...
2020-11-29 18:07:55.675  INFO 27859 --- [main] com.zaxxer.hikari.HikariDataSource       : HikariPool-3 - Start completed.
2020-11-29 18:07:55.677  INFO 27859 --- [main] com.zaxxer.hikari.HikariDataSource       : HikariPool-3 - Shutdown initiated...
2020-11-29 18:07:55.679  INFO 27859 --- [main] com.zaxxer.hikari.HikariDataSource       : HikariPool-3 - Shutdown completed.
2020-11-29 18:07:55.679  INFO 27859 --- [main] com.zaxxer.hikari.HikariDataSource       : HikariPool-4 - Starting...
2020-11-29 18:07:55.711  INFO 27859 --- [main] com.zaxxer.hikari.HikariDataSource       : HikariPool-4 - Start completed.
2020-11-29 18:07:55.716  INFO 27859 --- [main] com.zaxxer.hikari.HikariDataSource       : HikariPool-4 - Shutdown initiated...
2020-11-29 18:07:55.717  INFO 27859 --- [main] com.zaxxer.hikari.HikariDataSource       : HikariPool-4 - Shutdown completed.
2020-11-29 18:07:55.718  WARN 27859 --- [main] org.apache.velocity.deprecation          : configuration key 'file.resource.loader.class' has been deprecated in favor of 'resource.loader.file.class'
2020-11-29 18:07:55.742  INFO 27859 --- [Thread-2] o.s.s.concurrent.ThreadPoolTaskExecutor  : Shutting down ExecutorService 'applicationTaskExecutor'
2020-11-29 18:12:13.209  INFO 27944 --- [main] org.stlife.code.gen.CodeGenServiceTest   : Starting CodeGenServiceTest on stlife-3.local with PID 27944 (started by stlife in /Users/stlife/tech/java/springboot/stlife/stlife-components/cmp-gen)
2020-11-29 18:12:13.211  INFO 27944 --- [main] org.stlife.code.gen.CodeGenServiceTest   : No active profile set, falling back to default profiles: default
2020-11-29 18:12:14.238  INFO 27944 --- [main] o.s.s.concurrent.ThreadPoolTaskExecutor  : Initializing ExecutorService 'applicationTaskExecutor'
2020-11-29 18:12:14.372  INFO 27944 --- [main] o.s.b.a.w.s.WelcomePageHandlerMapping    : Adding welcome page: class path resource [static/index.html]
2020-11-29 18:12:14.501  INFO 27944 --- [main] org.stlife.code.gen.CodeGenServiceTest   : Started CodeGenServiceTest in 21.767 seconds (JVM running for 23.174)
2020-11-29 18:12:14.783  INFO 27944 --- [main] com.zaxxer.hikari.HikariDataSource       : HikariPool-1 - Starting...
2020-11-29 18:12:15.253  INFO 27944 --- [main] com.zaxxer.hikari.HikariDataSource       : HikariPool-1 - Start completed.
2020-11-29 18:12:15.299  INFO 27944 --- [main] com.zaxxer.hikari.HikariDataSource       : HikariPool-1 - Shutdown initiated...
2020-11-29 18:12:15.303  INFO 27944 --- [main] com.zaxxer.hikari.HikariDataSource       : HikariPool-1 - Shutdown completed.
2020-11-29 18:12:15.303  INFO 27944 --- [main] com.zaxxer.hikari.HikariDataSource       : HikariPool-2 - Starting...
2020-11-29 18:12:15.335  INFO 27944 --- [main] com.zaxxer.hikari.HikariDataSource       : HikariPool-2 - Start completed.
2020-11-29 18:12:15.340  INFO 27944 --- [main] com.zaxxer.hikari.HikariDataSource       : HikariPool-2 - Shutdown initiated...
2020-11-29 18:12:15.342  INFO 27944 --- [main] com.zaxxer.hikari.HikariDataSource       : HikariPool-2 - Shutdown completed.
2020-11-29 18:12:15.383  WARN 27944 --- [main] org.apache.velocity.deprecation          : configuration key 'file.resource.loader.class' has been deprecated in favor of 'resource.loader.file.class'
2020-11-29 18:12:15.517  INFO 27944 --- [main] com.zaxxer.hikari.HikariDataSource       : HikariPool-3 - Starting...
2020-11-29 18:12:15.560  INFO 27944 --- [main] com.zaxxer.hikari.HikariDataSource       : HikariPool-3 - Start completed.
2020-11-29 18:12:15.562  INFO 27944 --- [main] com.zaxxer.hikari.HikariDataSource       : HikariPool-3 - Shutdown initiated...
2020-11-29 18:12:15.563  INFO 27944 --- [main] com.zaxxer.hikari.HikariDataSource       : HikariPool-3 - Shutdown completed.
2020-11-29 18:12:15.563  INFO 27944 --- [main] com.zaxxer.hikari.HikariDataSource       : HikariPool-4 - Starting...
2020-11-29 18:12:15.604  INFO 27944 --- [main] com.zaxxer.hikari.HikariDataSource       : HikariPool-4 - Start completed.
2020-11-29 18:12:15.607  INFO 27944 --- [main] com.zaxxer.hikari.HikariDataSource       : HikariPool-4 - Shutdown initiated...
2020-11-29 18:12:15.609  INFO 27944 --- [main] com.zaxxer.hikari.HikariDataSource       : HikariPool-4 - Shutdown completed.
2020-11-29 18:12:15.612  WARN 27944 --- [main] org.apache.velocity.deprecation          : configuration key 'file.resource.loader.class' has been deprecated in favor of 'resource.loader.file.class'
2020-11-29 18:12:15.637  INFO 27944 --- [Thread-2] o.s.s.concurrent.ThreadPoolTaskExecutor  : Shutting down ExecutorService 'applicationTaskExecutor'
