2020-10-05 14:50:37.729 [ main ] - [ INFO  ] [ org.stlife.buz.seata.SeataApplication : 50 ] - Starting SeataApplication on stlife with PID 30760 (/Users/stlife/tech/java/springboot/stlife/stlife-buz/buz-seata/target/classes started by stlife in /Users/stlife/tech/java/springboot/stlife)
2020-10-05 14:50:37.732 [ main ] - [ INFO  ] [ org.stlife.buz.seata.SeataApplication : 675 ] - No active profile set, falling back to default profiles: default
2020-10-05 14:50:38.281 [ main ] - [ INFO  ] [ o.s.d.r.config.RepositoryConfigurationDelegate : 126 ] - Bootstrapping Spring Data repositories in DEFAULT mode.
2020-10-05 14:50:38.347 [ main ] - [ INFO  ] [ o.s.d.r.config.RepositoryConfigurationDelegate : 182 ] - Finished Spring Data repository scanning in 52ms. Found 1 repository interfaces.
2020-10-05 14:50:38.603 [ main ] - [ INFO  ] [ o.s.c.s.PostProcessorRegistrationDelegate$BeanPostProcessorChecker : 330 ] - Bean 'org.springframework.transaction.annotation.ProxyTransactionManagementConfiguration' of type [org.springframework.transaction.annotation.ProxyTransactionManagementConfiguration$$EnhancerBySpringCGLIB$$7230042c] is not eligible for getting processed by all BeanPostProcessors (for example: not eligible for auto-proxying)
2020-10-05 14:50:38.775 [ main ] - [ WARN  ] [ o.s.b.w.s.c.AnnotationConfigServletWebServerApplicationContext : 557 ] - Exception encountered during context initialization - cancelling refresh attempt: org.springframework.context.ApplicationContextException: Unable to start web server; nested exception is org.springframework.beans.factory.BeanCreationException: Error creating bean with name 'tomcatServletWebServerFactory' defined in class path resource [org/springframework/boot/autoconfigure/web/servlet/ServletWebServerFactoryConfiguration$EmbeddedTomcat.class]: Initialization of bean failed; nested exception is org.springframework.beans.factory.UnsatisfiedDependencyException: Error creating bean with name 'org.springframework.boot.autoconfigure.web.servlet.HttpEncodingAutoConfiguration': Unsatisfied dependency expressed through constructor parameter 0; nested exception is org.springframework.boot.context.properties.ConfigurationPropertiesBindException: Error creating bean with name 'spring.http-org.springframework.boot.autoconfigure.http.HttpProperties': Could not bind properties to 'HttpProperties' : prefix=spring.http, ignoreInvalidFields=false, ignoreUnknownFields=true; nested exception is org.springframework.boot.context.properties.bind.BindException: Failed to bind properties under 'spring.http.encoding' to org.springframework.boot.autoconfigure.http.HttpProperties$Encoding
2020-10-05 14:50:38.781 [ main ] - [ INFO  ] [ o.s.b.a.l.ConditionEvaluationReportLoggingListener : 142 ] - 

Error starting ApplicationContext. To display the conditions report re-run your application with 'debug' enabled.
2020-10-05 14:50:38.784 [ main ] - [ ERROR ] [ o.s.b.diagnostics.LoggingFailureAnalysisReporter : 42 ] - 

***************************
APPLICATION FAILED TO START
***************************

Description:

Failed to bind properties under 'spring.http.encoding' to org.springframework.boot.autoconfigure.http.HttpProperties$Encoding:

    Property: spring.http.encoding
    Value: 
    Origin: class path resource [application.yml]:9:18
    Reason: No converter found capable of converting from type [java.lang.String] to type [org.springframework.boot.autoconfigure.http.HttpProperties$Encoding]

Action:

Update your application's configuration

2020-10-05 14:51:50.379 [ main ] - [ INFO  ] [ org.stlife.buz.seata.SeataApplication : 50 ] - Starting SeataApplication on stlife with PID 30791 (/Users/stlife/tech/java/springboot/stlife/stlife-buz/buz-seata/target/classes started by stlife in /Users/stlife/tech/java/springboot/stlife)
2020-10-05 14:51:50.381 [ main ] - [ INFO  ] [ org.stlife.buz.seata.SeataApplication : 675 ] - No active profile set, falling back to default profiles: default
2020-10-05 14:51:50.862 [ main ] - [ INFO  ] [ o.s.d.r.config.RepositoryConfigurationDelegate : 126 ] - Bootstrapping Spring Data repositories in DEFAULT mode.
2020-10-05 14:51:50.917 [ main ] - [ INFO  ] [ o.s.d.r.config.RepositoryConfigurationDelegate : 182 ] - Finished Spring Data repository scanning in 49ms. Found 1 repository interfaces.
2020-10-05 14:51:51.159 [ main ] - [ INFO  ] [ o.s.c.s.PostProcessorRegistrationDelegate$BeanPostProcessorChecker : 330 ] - Bean 'org.springframework.transaction.annotation.ProxyTransactionManagementConfiguration' of type [org.springframework.transaction.annotation.ProxyTransactionManagementConfiguration$$EnhancerBySpringCGLIB$$92096e80] is not eligible for getting processed by all BeanPostProcessors (for example: not eligible for auto-proxying)
2020-10-05 14:51:51.494 [ main ] - [ INFO  ] [ o.s.boot.web.embedded.tomcat.TomcatWebServer : 90 ] - Tomcat initialized with port(s): 9999 (http)
2020-10-05 14:51:51.507 [ main ] - [ INFO  ] [ org.apache.coyote.http11.Http11NioProtocol : 173 ] - Initializing ProtocolHandler ["http-nio-9999"]
2020-10-05 14:51:51.515 [ main ] - [ INFO  ] [ org.apache.catalina.core.StandardService : 173 ] - Starting service [Tomcat]
2020-10-05 14:51:51.515 [ main ] - [ INFO  ] [ org.apache.catalina.core.StandardEngine : 173 ] - Starting Servlet engine: [Apache Tomcat/9.0.16]
2020-10-05 14:51:51.520 [ main ] - [ INFO  ] [ org.apache.catalina.core.AprLifecycleListener : 173 ] - The APR based Apache Tomcat Native library which allows optimal performance in production environments was not found on the java.library.path: [/Users/stlife/Library/Java/Extensions:/Library/Java/Extensions:/Network/Library/Java/Extensions:/System/Library/Java/Extensions:/usr/lib/java:.]
2020-10-05 14:51:51.609 [ main ] - [ INFO  ] [ o.a.c.c.C.[Tomcat].[localhost].[/buz-seata] : 173 ] - Initializing Spring embedded WebApplicationContext
2020-10-05 14:51:51.609 [ main ] - [ INFO  ] [ org.springframework.web.context.ContextLoader : 296 ] - Root WebApplicationContext: initialization completed in 1202 ms
2020-10-05 14:51:51.781 [ main ] - [ INFO  ] [ com.zaxxer.hikari.HikariDataSource : 110 ] - HikariPool-1 - Starting...
2020-10-05 14:51:51.956 [ main ] - [ INFO  ] [ com.zaxxer.hikari.HikariDataSource : 123 ] - HikariPool-1 - Start completed.
2020-10-05 14:51:51.998 [ main ] - [ INFO  ] [ org.hibernate.jpa.internal.util.LogHelper : 31 ] - HHH000204: Processing PersistenceUnitInfo [
	name: default
	...]
2020-10-05 14:51:52.072 [ main ] - [ INFO  ] [ org.hibernate.Version : 46 ] - HHH000412: Hibernate Core {5.3.7.Final}
2020-10-05 14:51:52.074 [ main ] - [ INFO  ] [ org.hibernate.cfg.Environment : 213 ] - HHH000206: hibernate.properties not found
2020-10-05 14:51:52.207 [ main ] - [ INFO  ] [ org.hibernate.annotations.common.Version : 49 ] - HCANN000001: Hibernate Commons Annotations {5.0.4.Final}
2020-10-05 14:51:52.322 [ main ] - [ INFO  ] [ org.hibernate.dialect.Dialect : 157 ] - HHH000400: Using dialect: org.hibernate.dialect.MySQL5Dialect
2020-10-05 14:51:52.808 [ main ] - [ INFO  ] [ o.s.orm.jpa.LocalContainerEntityManagerFactoryBean : 415 ] - Initialized JPA EntityManagerFactory for persistence unit 'default'
2020-10-05 14:51:53.206 [ main ] - [ INFO  ] [ o.s.scheduling.concurrent.ThreadPoolTaskExecutor : 171 ] - Initializing ExecutorService 'applicationTaskExecutor'
2020-10-05 14:51:53.248 [ main ] - [ WARN  ] [ o.s.b.a.o.j.JpaBaseConfiguration$JpaWebConfiguration$JpaWebMvcConfiguration : 236 ] - spring.jpa.open-in-view is enabled by default. Therefore, database queries may be performed during view rendering. Explicitly configure spring.jpa.open-in-view to disable this warning
2020-10-05 14:51:53.415 [ main ] - [ INFO  ] [ org.apache.coyote.http11.Http11NioProtocol : 173 ] - Starting ProtocolHandler ["http-nio-9999"]
2020-10-05 14:51:53.433 [ main ] - [ ERROR ] [ org.apache.catalina.util.LifecycleBase : 175 ] - Failed to start component [Connector[HTTP/1.1-9999]]
org.apache.catalina.LifecycleException: Protocol handler start failed
	at org.apache.catalina.connector.Connector.startInternal(Connector.java:1008)
	at org.apache.catalina.util.LifecycleBase.start(LifecycleBase.java:183)
	at org.apache.catalina.core.StandardService.addConnector(StandardService.java:226)
	at org.springframework.boot.web.embedded.tomcat.TomcatWebServer.addPreviouslyRemovedConnectors(TomcatWebServer.java:259)
	at org.springframework.boot.web.embedded.tomcat.TomcatWebServer.start(TomcatWebServer.java:197)
	at org.springframework.boot.web.servlet.context.ServletWebServerApplicationContext.startWebServer(ServletWebServerApplicationContext.java:311)
	at org.springframework.boot.web.servlet.context.ServletWebServerApplicationContext.finishRefresh(ServletWebServerApplicationContext.java:164)
	at org.springframework.context.support.AbstractApplicationContext.refresh(AbstractApplicationContext.java:552)
	at org.springframework.boot.web.servlet.context.ServletWebServerApplicationContext.refresh(ServletWebServerApplicationContext.java:142)
	at org.springframework.boot.SpringApplication.refresh(SpringApplication.java:775)
	at org.springframework.boot.SpringApplication.refreshContext(SpringApplication.java:397)
	at org.springframework.boot.SpringApplication.run(SpringApplication.java:316)
	at org.springframework.boot.SpringApplication.run(SpringApplication.java:1260)
	at org.springframework.boot.SpringApplication.run(SpringApplication.java:1248)
	at org.stlife.buz.seata.SeataApplication.main(SeataApplication.java:17)
Caused by: java.net.BindException: Address already in use
	at sun.nio.ch.Net.bind0(Native Method)
	at sun.nio.ch.Net.bind(Net.java:433)
	at sun.nio.ch.Net.bind(Net.java:425)
	at sun.nio.ch.ServerSocketChannelImpl.bind(ServerSocketChannelImpl.java:223)
	at sun.nio.ch.ServerSocketAdaptor.bind(ServerSocketAdaptor.java:74)
	at org.apache.tomcat.util.net.NioEndpoint.initServerSocket(NioEndpoint.java:236)
	at org.apache.tomcat.util.net.NioEndpoint.bind(NioEndpoint.java:210)
	at org.apache.tomcat.util.net.AbstractEndpoint.bindWithCleanup(AbstractEndpoint.java:1085)
	at org.apache.tomcat.util.net.AbstractEndpoint.start(AbstractEndpoint.java:1171)
	at org.apache.coyote.AbstractProtocol.start(AbstractProtocol.java:568)
	at org.apache.catalina.connector.Connector.startInternal(Connector.java:1005)
	... 14 common frames omitted
2020-10-05 14:51:53.437 [ main ] - [ INFO  ] [ org.apache.coyote.http11.Http11NioProtocol : 173 ] - Pausing ProtocolHandler ["http-nio-9999"]
2020-10-05 14:51:53.437 [ main ] - [ INFO  ] [ org.apache.catalina.core.StandardService : 173 ] - Stopping service [Tomcat]
2020-10-05 14:51:53.441 [ main ] - [ INFO  ] [ org.apache.catalina.util.LifecycleBase : 173 ] - The stop() method was called on component [StandardServer[-1]] after stop() had already been called. The second call will be ignored.
2020-10-05 14:51:53.441 [ main ] - [ INFO  ] [ org.apache.coyote.http11.Http11NioProtocol : 173 ] - Stopping ProtocolHandler ["http-nio-9999"]
2020-10-05 14:51:53.441 [ main ] - [ INFO  ] [ org.apache.coyote.http11.Http11NioProtocol : 173 ] - Destroying ProtocolHandler ["http-nio-9999"]
2020-10-05 14:51:53.443 [ main ] - [ INFO  ] [ o.s.b.a.l.ConditionEvaluationReportLoggingListener : 142 ] - 

Error starting ApplicationContext. To display the conditions report re-run your application with 'debug' enabled.
2020-10-05 14:51:53.446 [ main ] - [ ERROR ] [ o.s.b.diagnostics.LoggingFailureAnalysisReporter : 42 ] - 

***************************
APPLICATION FAILED TO START
***************************

Description:

The Tomcat connector configured to listen on port 9999 failed to start. The port may already be in use or the connector may be misconfigured.

Action:

Verify the connector's configuration, identify and stop any process that's listening on port 9999, or configure this application to listen on another port.

2020-10-05 14:51:53.448 [ main ] - [ INFO  ] [ o.s.scheduling.concurrent.ThreadPoolTaskExecutor : 208 ] - Shutting down ExecutorService 'applicationTaskExecutor'
2020-10-05 14:51:53.449 [ main ] - [ INFO  ] [ o.s.orm.jpa.LocalContainerEntityManagerFactoryBean : 597 ] - Closing JPA EntityManagerFactory for persistence unit 'default'
2020-10-05 14:51:53.450 [ main ] - [ INFO  ] [ com.zaxxer.hikari.HikariDataSource : 350 ] - HikariPool-1 - Shutdown initiated...
2020-10-05 14:51:53.453 [ main ] - [ INFO  ] [ com.zaxxer.hikari.HikariDataSource : 352 ] - HikariPool-1 - Shutdown completed.
2020-10-05 14:52:39.181 [ main ] - [ INFO  ] [ org.stlife.buz.seata.SeataApplication : 50 ] - Starting SeataApplication on stlife with PID 30803 (/Users/stlife/tech/java/springboot/stlife/stlife-buz/buz-seata/target/classes started by stlife in /Users/stlife/tech/java/springboot/stlife)
2020-10-05 14:52:39.183 [ main ] - [ INFO  ] [ org.stlife.buz.seata.SeataApplication : 675 ] - No active profile set, falling back to default profiles: default
2020-10-05 14:52:39.552 [ main ] - [ INFO  ] [ o.s.d.r.config.RepositoryConfigurationDelegate : 126 ] - Bootstrapping Spring Data repositories in DEFAULT mode.
2020-10-05 14:52:39.599 [ main ] - [ INFO  ] [ o.s.d.r.config.RepositoryConfigurationDelegate : 182 ] - Finished Spring Data repository scanning in 42ms. Found 1 repository interfaces.
2020-10-05 14:52:39.791 [ main ] - [ INFO  ] [ o.s.c.s.PostProcessorRegistrationDelegate$BeanPostProcessorChecker : 330 ] - Bean 'org.springframework.transaction.annotation.ProxyTransactionManagementConfiguration' of type [org.springframework.transaction.annotation.ProxyTransactionManagementConfiguration$$EnhancerBySpringCGLIB$$7bc361d5] is not eligible for getting processed by all BeanPostProcessors (for example: not eligible for auto-proxying)
2020-10-05 14:52:40.048 [ main ] - [ INFO  ] [ o.s.boot.web.embedded.tomcat.TomcatWebServer : 90 ] - Tomcat initialized with port(s): 10000 (http)
2020-10-05 14:52:40.058 [ main ] - [ INFO  ] [ org.apache.coyote.http11.Http11NioProtocol : 173 ] - Initializing ProtocolHandler ["http-nio-10000"]
2020-10-05 14:52:40.065 [ main ] - [ INFO  ] [ org.apache.catalina.core.StandardService : 173 ] - Starting service [Tomcat]
2020-10-05 14:52:40.065 [ main ] - [ INFO  ] [ org.apache.catalina.core.StandardEngine : 173 ] - Starting Servlet engine: [Apache Tomcat/9.0.16]
2020-10-05 14:52:40.069 [ main ] - [ INFO  ] [ org.apache.catalina.core.AprLifecycleListener : 173 ] - The APR based Apache Tomcat Native library which allows optimal performance in production environments was not found on the java.library.path: [/Users/stlife/Library/Java/Extensions:/Library/Java/Extensions:/Network/Library/Java/Extensions:/System/Library/Java/Extensions:/usr/lib/java:.]
2020-10-05 14:52:40.142 [ main ] - [ INFO  ] [ o.a.c.c.C.[Tomcat].[localhost].[/buz-seata] : 173 ] - Initializing Spring embedded WebApplicationContext
2020-10-05 14:52:40.143 [ main ] - [ INFO  ] [ org.springframework.web.context.ContextLoader : 296 ] - Root WebApplicationContext: initialization completed in 935 ms
2020-10-05 14:52:40.282 [ main ] - [ INFO  ] [ com.zaxxer.hikari.HikariDataSource : 110 ] - HikariPool-1 - Starting...
2020-10-05 14:52:40.433 [ main ] - [ INFO  ] [ com.zaxxer.hikari.HikariDataSource : 123 ] - HikariPool-1 - Start completed.
2020-10-05 14:52:40.462 [ main ] - [ INFO  ] [ org.hibernate.jpa.internal.util.LogHelper : 31 ] - HHH000204: Processing PersistenceUnitInfo [
	name: default
	...]
2020-10-05 14:52:40.505 [ main ] - [ INFO  ] [ org.hibernate.Version : 46 ] - HHH000412: Hibernate Core {5.3.7.Final}
2020-10-05 14:52:40.506 [ main ] - [ INFO  ] [ org.hibernate.cfg.Environment : 213 ] - HHH000206: hibernate.properties not found
2020-10-05 14:52:40.604 [ main ] - [ INFO  ] [ org.hibernate.annotations.common.Version : 49 ] - HCANN000001: Hibernate Commons Annotations {5.0.4.Final}
2020-10-05 14:52:40.683 [ main ] - [ INFO  ] [ org.hibernate.dialect.Dialect : 157 ] - HHH000400: Using dialect: org.hibernate.dialect.MySQL5Dialect
2020-10-05 14:52:41.047 [ main ] - [ INFO  ] [ o.s.orm.jpa.LocalContainerEntityManagerFactoryBean : 415 ] - Initialized JPA EntityManagerFactory for persistence unit 'default'
2020-10-05 14:52:41.351 [ main ] - [ INFO  ] [ o.s.scheduling.concurrent.ThreadPoolTaskExecutor : 171 ] - Initializing ExecutorService 'applicationTaskExecutor'
2020-10-05 14:52:41.378 [ main ] - [ WARN  ] [ o.s.b.a.o.j.JpaBaseConfiguration$JpaWebConfiguration$JpaWebMvcConfiguration : 236 ] - spring.jpa.open-in-view is enabled by default. Therefore, database queries may be performed during view rendering. Explicitly configure spring.jpa.open-in-view to disable this warning
2020-10-05 14:52:41.502 [ main ] - [ INFO  ] [ org.apache.coyote.http11.Http11NioProtocol : 173 ] - Starting ProtocolHandler ["http-nio-10000"]
2020-10-05 14:52:41.517 [ main ] - [ ERROR ] [ org.apache.catalina.util.LifecycleBase : 175 ] - Failed to start component [Connector[HTTP/1.1-10000]]
org.apache.catalina.LifecycleException: Protocol handler start failed
	at org.apache.catalina.connector.Connector.startInternal(Connector.java:1008)
	at org.apache.catalina.util.LifecycleBase.start(LifecycleBase.java:183)
	at org.apache.catalina.core.StandardService.addConnector(StandardService.java:226)
	at org.springframework.boot.web.embedded.tomcat.TomcatWebServer.addPreviouslyRemovedConnectors(TomcatWebServer.java:259)
	at org.springframework.boot.web.embedded.tomcat.TomcatWebServer.start(TomcatWebServer.java:197)
	at org.springframework.boot.web.servlet.context.ServletWebServerApplicationContext.startWebServer(ServletWebServerApplicationContext.java:311)
	at org.springframework.boot.web.servlet.context.ServletWebServerApplicationContext.finishRefresh(ServletWebServerApplicationContext.java:164)
	at org.springframework.context.support.AbstractApplicationContext.refresh(AbstractApplicationContext.java:552)
	at org.springframework.boot.web.servlet.context.ServletWebServerApplicationContext.refresh(ServletWebServerApplicationContext.java:142)
	at org.springframework.boot.SpringApplication.refresh(SpringApplication.java:775)
	at org.springframework.boot.SpringApplication.refreshContext(SpringApplication.java:397)
	at org.springframework.boot.SpringApplication.run(SpringApplication.java:316)
	at org.springframework.boot.SpringApplication.run(SpringApplication.java:1260)
	at org.springframework.boot.SpringApplication.run(SpringApplication.java:1248)
	at org.stlife.buz.seata.SeataApplication.main(SeataApplication.java:17)
Caused by: java.net.BindException: Address already in use
	at sun.nio.ch.Net.bind0(Native Method)
	at sun.nio.ch.Net.bind(Net.java:433)
	at sun.nio.ch.Net.bind(Net.java:425)
	at sun.nio.ch.ServerSocketChannelImpl.bind(ServerSocketChannelImpl.java:223)
	at sun.nio.ch.ServerSocketAdaptor.bind(ServerSocketAdaptor.java:74)
	at org.apache.tomcat.util.net.NioEndpoint.initServerSocket(NioEndpoint.java:236)
	at org.apache.tomcat.util.net.NioEndpoint.bind(NioEndpoint.java:210)
	at org.apache.tomcat.util.net.AbstractEndpoint.bindWithCleanup(AbstractEndpoint.java:1085)
	at org.apache.tomcat.util.net.AbstractEndpoint.start(AbstractEndpoint.java:1171)
	at org.apache.coyote.AbstractProtocol.start(AbstractProtocol.java:568)
	at org.apache.catalina.connector.Connector.startInternal(Connector.java:1005)
	... 14 common frames omitted
2020-10-05 14:52:41.521 [ main ] - [ INFO  ] [ org.apache.coyote.http11.Http11NioProtocol : 173 ] - Pausing ProtocolHandler ["http-nio-10000"]
2020-10-05 14:52:41.521 [ main ] - [ INFO  ] [ org.apache.catalina.core.StandardService : 173 ] - Stopping service [Tomcat]
2020-10-05 14:52:41.524 [ main ] - [ INFO  ] [ org.apache.catalina.util.LifecycleBase : 173 ] - The stop() method was called on component [StandardServer[-1]] after stop() had already been called. The second call will be ignored.
2020-10-05 14:52:41.524 [ main ] - [ INFO  ] [ org.apache.coyote.http11.Http11NioProtocol : 173 ] - Stopping ProtocolHandler ["http-nio-10000"]
2020-10-05 14:52:41.524 [ main ] - [ INFO  ] [ org.apache.coyote.http11.Http11NioProtocol : 173 ] - Destroying ProtocolHandler ["http-nio-10000"]
2020-10-05 14:52:41.526 [ main ] - [ INFO  ] [ o.s.b.a.l.ConditionEvaluationReportLoggingListener : 142 ] - 

Error starting ApplicationContext. To display the conditions report re-run your application with 'debug' enabled.
2020-10-05 14:52:41.529 [ main ] - [ ERROR ] [ o.s.b.diagnostics.LoggingFailureAnalysisReporter : 42 ] - 

***************************
APPLICATION FAILED TO START
***************************

Description:

The Tomcat connector configured to listen on port 10000 failed to start. The port may already be in use or the connector may be misconfigured.

Action:

Verify the connector's configuration, identify and stop any process that's listening on port 10000, or configure this application to listen on another port.

2020-10-05 14:52:41.530 [ main ] - [ INFO  ] [ o.s.scheduling.concurrent.ThreadPoolTaskExecutor : 208 ] - Shutting down ExecutorService 'applicationTaskExecutor'
2020-10-05 14:52:41.531 [ main ] - [ INFO  ] [ o.s.orm.jpa.LocalContainerEntityManagerFactoryBean : 597 ] - Closing JPA EntityManagerFactory for persistence unit 'default'
2020-10-05 14:52:41.532 [ main ] - [ INFO  ] [ com.zaxxer.hikari.HikariDataSource : 350 ] - HikariPool-1 - Shutdown initiated...
2020-10-05 14:52:41.535 [ main ] - [ INFO  ] [ com.zaxxer.hikari.HikariDataSource : 352 ] - HikariPool-1 - Shutdown completed.
2020-10-05 14:56:08.370 [ main ] - [ INFO  ] [ org.stlife.buz.seata.SeataApplication : 50 ] - Starting SeataApplication on stlife with PID 30994 (/Users/stlife/tech/java/springboot/stlife/stlife-buz/buz-seata/target/classes started by stlife in /Users/stlife/tech/java/springboot/stlife)
2020-10-05 14:56:08.372 [ main ] - [ INFO  ] [ org.stlife.buz.seata.SeataApplication : 675 ] - No active profile set, falling back to default profiles: default
2020-10-05 14:56:08.824 [ main ] - [ INFO  ] [ o.s.d.r.config.RepositoryConfigurationDelegate : 126 ] - Bootstrapping Spring Data repositories in DEFAULT mode.
2020-10-05 14:56:08.872 [ main ] - [ INFO  ] [ o.s.d.r.config.RepositoryConfigurationDelegate : 182 ] - Finished Spring Data repository scanning in 43ms. Found 1 repository interfaces.
2020-10-05 14:56:09.075 [ main ] - [ INFO  ] [ o.s.c.s.PostProcessorRegistrationDelegate$BeanPostProcessorChecker : 330 ] - Bean 'org.springframework.transaction.annotation.ProxyTransactionManagementConfiguration' of type [org.springframework.transaction.annotation.ProxyTransactionManagementConfiguration$$EnhancerBySpringCGLIB$$dbb15cae] is not eligible for getting processed by all BeanPostProcessors (for example: not eligible for auto-proxying)
2020-10-05 14:56:09.357 [ main ] - [ INFO  ] [ o.s.boot.web.embedded.tomcat.TomcatWebServer : 90 ] - Tomcat initialized with port(s): 20000 (http)
2020-10-05 14:56:09.367 [ main ] - [ INFO  ] [ org.apache.coyote.http11.Http11NioProtocol : 173 ] - Initializing ProtocolHandler ["http-nio-20000"]
2020-10-05 14:56:09.374 [ main ] - [ INFO  ] [ org.apache.catalina.core.StandardService : 173 ] - Starting service [Tomcat]
2020-10-05 14:56:09.374 [ main ] - [ INFO  ] [ org.apache.catalina.core.StandardEngine : 173 ] - Starting Servlet engine: [Apache Tomcat/9.0.16]
2020-10-05 14:56:09.378 [ main ] - [ INFO  ] [ org.apache.catalina.core.AprLifecycleListener : 173 ] - The APR based Apache Tomcat Native library which allows optimal performance in production environments was not found on the java.library.path: [/Users/stlife/Library/Java/Extensions:/Library/Java/Extensions:/Network/Library/Java/Extensions:/System/Library/Java/Extensions:/usr/lib/java:.]
2020-10-05 14:56:09.452 [ main ] - [ INFO  ] [ o.a.c.c.C.[Tomcat].[localhost].[/buz-seata] : 173 ] - Initializing Spring embedded WebApplicationContext
2020-10-05 14:56:09.452 [ main ] - [ INFO  ] [ org.springframework.web.context.ContextLoader : 296 ] - Root WebApplicationContext: initialization completed in 1051 ms
2020-10-05 14:56:09.598 [ main ] - [ INFO  ] [ com.zaxxer.hikari.HikariDataSource : 110 ] - HikariPool-1 - Starting...
2020-10-05 14:56:09.755 [ main ] - [ INFO  ] [ com.zaxxer.hikari.HikariDataSource : 123 ] - HikariPool-1 - Start completed.
2020-10-05 14:56:09.784 [ main ] - [ INFO  ] [ org.hibernate.jpa.internal.util.LogHelper : 31 ] - HHH000204: Processing PersistenceUnitInfo [
	name: default
	...]
2020-10-05 14:56:09.824 [ main ] - [ INFO  ] [ org.hibernate.Version : 46 ] - HHH000412: Hibernate Core {5.3.7.Final}
2020-10-05 14:56:09.825 [ main ] - [ INFO  ] [ org.hibernate.cfg.Environment : 213 ] - HHH000206: hibernate.properties not found
2020-10-05 14:56:09.919 [ main ] - [ INFO  ] [ org.hibernate.annotations.common.Version : 49 ] - HCANN000001: Hibernate Commons Annotations {5.0.4.Final}
2020-10-05 14:56:10.001 [ main ] - [ INFO  ] [ org.hibernate.dialect.Dialect : 157 ] - HHH000400: Using dialect: org.hibernate.dialect.MySQL5Dialect
2020-10-05 14:56:10.391 [ main ] - [ INFO  ] [ o.s.orm.jpa.LocalContainerEntityManagerFactoryBean : 415 ] - Initialized JPA EntityManagerFactory for persistence unit 'default'
2020-10-05 14:56:10.701 [ main ] - [ INFO  ] [ o.s.scheduling.concurrent.ThreadPoolTaskExecutor : 171 ] - Initializing ExecutorService 'applicationTaskExecutor'
2020-10-05 14:56:10.728 [ main ] - [ WARN  ] [ o.s.b.a.o.j.JpaBaseConfiguration$JpaWebConfiguration$JpaWebMvcConfiguration : 236 ] - spring.jpa.open-in-view is enabled by default. Therefore, database queries may be performed during view rendering. Explicitly configure spring.jpa.open-in-view to disable this warning
2020-10-05 14:56:10.860 [ main ] - [ INFO  ] [ org.apache.coyote.http11.Http11NioProtocol : 173 ] - Starting ProtocolHandler ["http-nio-20000"]
2020-10-05 14:56:10.885 [ main ] - [ INFO  ] [ o.s.boot.web.embedded.tomcat.TomcatWebServer : 204 ] - Tomcat started on port(s): 20000 (http) with context path '/buz-seata'
2020-10-05 14:56:10.887 [ main ] - [ INFO  ] [ org.stlife.buz.seata.SeataApplication : 59 ] - Started SeataApplication in 2.814 seconds (JVM running for 3.339)
2020-10-05 14:56:50.171 [ http-nio-20000-exec-2 ] - [ INFO  ] [ o.a.c.c.C.[Tomcat].[localhost].[/buz-seata] : 173 ] - Initializing Spring DispatcherServlet 'dispatcherServlet'
2020-10-05 14:56:50.172 [ http-nio-20000-exec-2 ] - [ INFO  ] [ org.springframework.web.servlet.DispatcherServlet : 524 ] - Initializing Servlet 'dispatcherServlet'
2020-10-05 14:56:50.180 [ http-nio-20000-exec-2 ] - [ INFO  ] [ org.springframework.web.servlet.DispatcherServlet : 546 ] - Completed initialization in 8 ms
2020-10-05 14:56:50.221 [ http-nio-20000-exec-2 ] - [ INFO  ] [ org.stlife.buz.seata.controller.ProductController : 29 ] - 加载商品ID：1，
2020-10-05 14:56:50.369 [ http-nio-20000-exec-2 ] - [ INFO  ] [ org.stlife.buz.seata.controller.ProductController : 31 ] - 商品信息：{"pid":1,"pname":"电脑","pprice":5005.0,"stock":99}
2020-10-05 15:00:00.269 [ Thread-7 ] - [ INFO  ] [ o.s.scheduling.concurrent.ThreadPoolTaskExecutor : 208 ] - Shutting down ExecutorService 'applicationTaskExecutor'
2020-10-05 15:00:00.270 [ Thread-7 ] - [ INFO  ] [ o.s.orm.jpa.LocalContainerEntityManagerFactoryBean : 597 ] - Closing JPA EntityManagerFactory for persistence unit 'default'
2020-10-05 15:00:00.271 [ Thread-7 ] - [ INFO  ] [ com.zaxxer.hikari.HikariDataSource : 350 ] - HikariPool-1 - Shutdown initiated...
2020-10-05 15:00:00.274 [ Thread-7 ] - [ INFO  ] [ com.zaxxer.hikari.HikariDataSource : 352 ] - HikariPool-1 - Shutdown completed.
2020-10-05 15:00:02.898 [ main ] - [ INFO  ] [ org.stlife.buz.seata.SeataApplication : 50 ] - Starting SeataApplication on stlife with PID 31049 (/Users/stlife/tech/java/springboot/stlife/stlife-buz/buz-seata/target/classes started by stlife in /Users/stlife/tech/java/springboot/stlife)
2020-10-05 15:00:02.900 [ main ] - [ INFO  ] [ org.stlife.buz.seata.SeataApplication : 675 ] - No active profile set, falling back to default profiles: default
2020-10-05 15:00:03.275 [ main ] - [ INFO  ] [ o.s.d.r.config.RepositoryConfigurationDelegate : 126 ] - Bootstrapping Spring Data repositories in DEFAULT mode.
2020-10-05 15:00:03.323 [ main ] - [ INFO  ] [ o.s.d.r.config.RepositoryConfigurationDelegate : 182 ] - Finished Spring Data repository scanning in 42ms. Found 1 repository interfaces.
2020-10-05 15:00:03.525 [ main ] - [ INFO  ] [ o.s.c.s.PostProcessorRegistrationDelegate$BeanPostProcessorChecker : 330 ] - Bean 'org.springframework.transaction.annotation.ProxyTransactionManagementConfiguration' of type [org.springframework.transaction.annotation.ProxyTransactionManagementConfiguration$$EnhancerBySpringCGLIB$$f1d4bb2] is not eligible for getting processed by all BeanPostProcessors (for example: not eligible for auto-proxying)
2020-10-05 15:00:03.778 [ main ] - [ INFO  ] [ o.s.boot.web.embedded.tomcat.TomcatWebServer : 90 ] - Tomcat initialized with port(s): 20000 (http)
2020-10-05 15:00:03.787 [ main ] - [ INFO  ] [ org.apache.coyote.http11.Http11NioProtocol : 173 ] - Initializing ProtocolHandler ["http-nio-20000"]
2020-10-05 15:00:03.793 [ main ] - [ INFO  ] [ org.apache.catalina.core.StandardService : 173 ] - Starting service [Tomcat]
2020-10-05 15:00:03.793 [ main ] - [ INFO  ] [ org.apache.catalina.core.StandardEngine : 173 ] - Starting Servlet engine: [Apache Tomcat/9.0.16]
2020-10-05 15:00:03.797 [ main ] - [ INFO  ] [ org.apache.catalina.core.AprLifecycleListener : 173 ] - The APR based Apache Tomcat Native library which allows optimal performance in production environments was not found on the java.library.path: [/Users/stlife/Library/Java/Extensions:/Library/Java/Extensions:/Network/Library/Java/Extensions:/System/Library/Java/Extensions:/usr/lib/java:.]
2020-10-05 15:00:03.864 [ main ] - [ INFO  ] [ o.a.c.c.C.[Tomcat].[localhost].[/buz-seata] : 173 ] - Initializing Spring embedded WebApplicationContext
2020-10-05 15:00:03.864 [ main ] - [ INFO  ] [ org.springframework.web.context.ContextLoader : 296 ] - Root WebApplicationContext: initialization completed in 938 ms
2020-10-05 15:00:04.002 [ main ] - [ INFO  ] [ com.zaxxer.hikari.HikariDataSource : 110 ] - HikariPool-1 - Starting...
2020-10-05 15:00:04.156 [ main ] - [ INFO  ] [ com.zaxxer.hikari.HikariDataSource : 123 ] - HikariPool-1 - Start completed.
2020-10-05 15:00:04.184 [ main ] - [ INFO  ] [ org.hibernate.jpa.internal.util.LogHelper : 31 ] - HHH000204: Processing PersistenceUnitInfo [
	name: default
	...]
2020-10-05 15:00:04.227 [ main ] - [ INFO  ] [ org.hibernate.Version : 46 ] - HHH000412: Hibernate Core {5.3.7.Final}
2020-10-05 15:00:04.229 [ main ] - [ INFO  ] [ org.hibernate.cfg.Environment : 213 ] - HHH000206: hibernate.properties not found
2020-10-05 15:00:04.325 [ main ] - [ INFO  ] [ org.hibernate.annotations.common.Version : 49 ] - HCANN000001: Hibernate Commons Annotations {5.0.4.Final}
2020-10-05 15:00:04.423 [ main ] - [ INFO  ] [ org.hibernate.dialect.Dialect : 157 ] - HHH000400: Using dialect: org.hibernate.dialect.MySQL5Dialect
2020-10-05 15:00:04.873 [ main ] - [ INFO  ] [ o.s.orm.jpa.LocalContainerEntityManagerFactoryBean : 415 ] - Initialized JPA EntityManagerFactory for persistence unit 'default'
2020-10-05 15:00:05.177 [ main ] - [ INFO  ] [ o.s.scheduling.concurrent.ThreadPoolTaskExecutor : 171 ] - Initializing ExecutorService 'applicationTaskExecutor'
2020-10-05 15:00:05.205 [ main ] - [ WARN  ] [ o.s.b.a.o.j.JpaBaseConfiguration$JpaWebConfiguration$JpaWebMvcConfiguration : 236 ] - spring.jpa.open-in-view is enabled by default. Therefore, database queries may be performed during view rendering. Explicitly configure spring.jpa.open-in-view to disable this warning
2020-10-05 15:00:05.332 [ main ] - [ INFO  ] [ org.apache.coyote.http11.Http11NioProtocol : 173 ] - Starting ProtocolHandler ["http-nio-20000"]
2020-10-05 15:00:05.353 [ main ] - [ INFO  ] [ o.s.boot.web.embedded.tomcat.TomcatWebServer : 204 ] - Tomcat started on port(s): 20000 (http) with context path '/buz-seata'
2020-10-05 15:00:05.355 [ main ] - [ INFO  ] [ org.stlife.buz.seata.SeataApplication : 59 ] - Started SeataApplication in 2.753 seconds (JVM running for 3.163)
2020-10-05 15:00:10.753 [ http-nio-20000-exec-1 ] - [ INFO  ] [ o.a.c.c.C.[Tomcat].[localhost].[/buz-seata] : 173 ] - Initializing Spring DispatcherServlet 'dispatcherServlet'
2020-10-05 15:00:10.754 [ http-nio-20000-exec-1 ] - [ INFO  ] [ org.springframework.web.servlet.DispatcherServlet : 524 ] - Initializing Servlet 'dispatcherServlet'
2020-10-05 15:00:10.760 [ http-nio-20000-exec-1 ] - [ INFO  ] [ org.springframework.web.servlet.DispatcherServlet : 546 ] - Completed initialization in 6 ms
2020-10-05 15:03:01.980 [ Thread-7 ] - [ INFO  ] [ o.s.scheduling.concurrent.ThreadPoolTaskExecutor : 208 ] - Shutting down ExecutorService 'applicationTaskExecutor'
2020-10-05 15:03:01.980 [ Thread-7 ] - [ INFO  ] [ o.s.orm.jpa.LocalContainerEntityManagerFactoryBean : 597 ] - Closing JPA EntityManagerFactory for persistence unit 'default'
2020-10-05 15:03:01.982 [ Thread-7 ] - [ INFO  ] [ com.zaxxer.hikari.HikariDataSource : 350 ] - HikariPool-1 - Shutdown initiated...
2020-10-05 15:03:01.985 [ Thread-7 ] - [ INFO  ] [ com.zaxxer.hikari.HikariDataSource : 352 ] - HikariPool-1 - Shutdown completed.
2020-10-05 15:03:05.702 [ main ] - [ INFO  ] [ org.stlife.buz.seata.SeataApplication : 50 ] - Starting SeataApplication on stlife with PID 31139 (/Users/stlife/tech/java/springboot/stlife/stlife-buz/buz-seata/target/classes started by stlife in /Users/stlife/tech/java/springboot/stlife)
2020-10-05 15:03:05.704 [ main ] - [ INFO  ] [ org.stlife.buz.seata.SeataApplication : 675 ] - No active profile set, falling back to default profiles: default
2020-10-05 15:03:06.155 [ main ] - [ INFO  ] [ o.s.d.r.config.RepositoryConfigurationDelegate : 126 ] - Bootstrapping Spring Data repositories in DEFAULT mode.
2020-10-05 15:03:06.199 [ main ] - [ INFO  ] [ o.s.d.r.config.RepositoryConfigurationDelegate : 182 ] - Finished Spring Data repository scanning in 40ms. Found 1 repository interfaces.
2020-10-05 15:03:06.401 [ main ] - [ INFO  ] [ o.s.c.s.PostProcessorRegistrationDelegate$BeanPostProcessorChecker : 330 ] - Bean 'org.springframework.transaction.annotation.ProxyTransactionManagementConfiguration' of type [org.springframework.transaction.annotation.ProxyTransactionManagementConfiguration$$EnhancerBySpringCGLIB$$2925879b] is not eligible for getting processed by all BeanPostProcessors (for example: not eligible for auto-proxying)
2020-10-05 15:03:06.654 [ main ] - [ INFO  ] [ o.s.boot.web.embedded.tomcat.TomcatWebServer : 90 ] - Tomcat initialized with port(s): 20000 (http)
2020-10-05 15:03:06.662 [ main ] - [ INFO  ] [ org.apache.coyote.http11.Http11NioProtocol : 173 ] - Initializing ProtocolHandler ["http-nio-20000"]
2020-10-05 15:03:06.668 [ main ] - [ INFO  ] [ org.apache.catalina.core.StandardService : 173 ] - Starting service [Tomcat]
2020-10-05 15:03:06.668 [ main ] - [ INFO  ] [ org.apache.catalina.core.StandardEngine : 173 ] - Starting Servlet engine: [Apache Tomcat/9.0.16]
2020-10-05 15:03:06.672 [ main ] - [ INFO  ] [ org.apache.catalina.core.AprLifecycleListener : 173 ] - The APR based Apache Tomcat Native library which allows optimal performance in production environments was not found on the java.library.path: [/Users/stlife/Library/Java/Extensions:/Library/Java/Extensions:/Network/Library/Java/Extensions:/System/Library/Java/Extensions:/usr/lib/java:.]
2020-10-05 15:03:06.740 [ main ] - [ INFO  ] [ o.a.c.c.C.[Tomcat].[localhost].[/buz-seata] : 173 ] - Initializing Spring embedded WebApplicationContext
2020-10-05 15:03:06.740 [ main ] - [ INFO  ] [ org.springframework.web.context.ContextLoader : 296 ] - Root WebApplicationContext: initialization completed in 987 ms
2020-10-05 15:03:06.884 [ main ] - [ INFO  ] [ com.zaxxer.hikari.HikariDataSource : 110 ] - HikariPool-1 - Starting...
2020-10-05 15:03:07.037 [ main ] - [ INFO  ] [ com.zaxxer.hikari.HikariDataSource : 123 ] - HikariPool-1 - Start completed.
2020-10-05 15:03:07.064 [ main ] - [ INFO  ] [ org.hibernate.jpa.internal.util.LogHelper : 31 ] - HHH000204: Processing PersistenceUnitInfo [
	name: default
	...]
2020-10-05 15:03:07.102 [ main ] - [ INFO  ] [ org.hibernate.Version : 46 ] - HHH000412: Hibernate Core {5.3.7.Final}
2020-10-05 15:03:07.103 [ main ] - [ INFO  ] [ org.hibernate.cfg.Environment : 213 ] - HHH000206: hibernate.properties not found
2020-10-05 15:03:07.211 [ main ] - [ INFO  ] [ org.hibernate.annotations.common.Version : 49 ] - HCANN000001: Hibernate Commons Annotations {5.0.4.Final}
2020-10-05 15:03:07.311 [ main ] - [ INFO  ] [ org.hibernate.dialect.Dialect : 157 ] - HHH000400: Using dialect: org.hibernate.dialect.MySQL5Dialect
2020-10-05 15:03:07.711 [ main ] - [ INFO  ] [ o.s.orm.jpa.LocalContainerEntityManagerFactoryBean : 415 ] - Initialized JPA EntityManagerFactory for persistence unit 'default'
2020-10-05 15:03:08.034 [ main ] - [ INFO  ] [ o.s.scheduling.concurrent.ThreadPoolTaskExecutor : 171 ] - Initializing ExecutorService 'applicationTaskExecutor'
2020-10-05 15:03:08.059 [ main ] - [ WARN  ] [ o.s.b.a.o.j.JpaBaseConfiguration$JpaWebConfiguration$JpaWebMvcConfiguration : 236 ] - spring.jpa.open-in-view is enabled by default. Therefore, database queries may be performed during view rendering. Explicitly configure spring.jpa.open-in-view to disable this warning
2020-10-05 15:03:08.183 [ main ] - [ INFO  ] [ org.apache.coyote.http11.Http11NioProtocol : 173 ] - Starting ProtocolHandler ["http-nio-20000"]
2020-10-05 15:03:08.204 [ main ] - [ INFO  ] [ o.s.boot.web.embedded.tomcat.TomcatWebServer : 204 ] - Tomcat started on port(s): 20000 (http) with context path '/buz-seata'
2020-10-05 15:03:08.206 [ main ] - [ INFO  ] [ org.stlife.buz.seata.SeataApplication : 59 ] - Started SeataApplication in 2.805 seconds (JVM running for 3.584)
2020-10-05 15:03:37.970 [ http-nio-20000-exec-1 ] - [ INFO  ] [ o.a.c.c.C.[Tomcat].[localhost].[/buz-seata] : 173 ] - Initializing Spring DispatcherServlet 'dispatcherServlet'
2020-10-05 15:03:37.970 [ http-nio-20000-exec-1 ] - [ INFO  ] [ org.springframework.web.servlet.DispatcherServlet : 524 ] - Initializing Servlet 'dispatcherServlet'
2020-10-05 15:03:37.977 [ http-nio-20000-exec-1 ] - [ INFO  ] [ org.springframework.web.servlet.DispatcherServlet : 546 ] - Completed initialization in 7 ms
2020-10-05 15:03:38.021 [ http-nio-20000-exec-1 ] - [ INFO  ] [ o.stlife.buz.seata.service.impl.ProductServiceImpl : 35 ] - seata id:null
2020-10-05 15:03:40.528 [ Thread-8 ] - [ INFO  ] [ o.s.scheduling.concurrent.ThreadPoolTaskExecutor : 208 ] - Shutting down ExecutorService 'applicationTaskExecutor'
2020-10-05 15:03:40.529 [ Thread-8 ] - [ INFO  ] [ o.s.orm.jpa.LocalContainerEntityManagerFactoryBean : 597 ] - Closing JPA EntityManagerFactory for persistence unit 'default'
2020-10-05 15:03:40.530 [ Thread-8 ] - [ INFO  ] [ com.zaxxer.hikari.HikariDataSource : 350 ] - HikariPool-1 - Shutdown initiated...
2020-10-05 15:03:40.533 [ Thread-8 ] - [ INFO  ] [ com.zaxxer.hikari.HikariDataSource : 352 ] - HikariPool-1 - Shutdown completed.
2020-10-05 15:03:44.097 [ main ] - [ INFO  ] [ org.stlife.buz.seata.SeataApplication : 50 ] - Starting SeataApplication on stlife with PID 31147 (/Users/stlife/tech/java/springboot/stlife/stlife-buz/buz-seata/target/classes started by stlife in /Users/stlife/tech/java/springboot/stlife)
2020-10-05 15:03:44.100 [ main ] - [ INFO  ] [ org.stlife.buz.seata.SeataApplication : 675 ] - No active profile set, falling back to default profiles: default
2020-10-05 15:03:44.572 [ main ] - [ INFO  ] [ o.s.d.r.config.RepositoryConfigurationDelegate : 126 ] - Bootstrapping Spring Data repositories in DEFAULT mode.
2020-10-05 15:03:44.616 [ main ] - [ INFO  ] [ o.s.d.r.config.RepositoryConfigurationDelegate : 182 ] - Finished Spring Data repository scanning in 40ms. Found 1 repository interfaces.
2020-10-05 15:03:44.850 [ main ] - [ INFO  ] [ o.s.c.s.PostProcessorRegistrationDelegate$BeanPostProcessorChecker : 330 ] - Bean 'org.springframework.transaction.annotation.ProxyTransactionManagementConfiguration' of type [org.springframework.transaction.annotation.ProxyTransactionManagementConfiguration$$EnhancerBySpringCGLIB$$b30d8ae0] is not eligible for getting processed by all BeanPostProcessors (for example: not eligible for auto-proxying)
2020-10-05 15:03:45.150 [ main ] - [ INFO  ] [ o.s.boot.web.embedded.tomcat.TomcatWebServer : 90 ] - Tomcat initialized with port(s): 20000 (http)
2020-10-05 15:03:45.161 [ main ] - [ INFO  ] [ org.apache.coyote.http11.Http11NioProtocol : 173 ] - Initializing ProtocolHandler ["http-nio-20000"]
2020-10-05 15:03:45.168 [ main ] - [ INFO  ] [ org.apache.catalina.core.StandardService : 173 ] - Starting service [Tomcat]
2020-10-05 15:03:45.168 [ main ] - [ INFO  ] [ org.apache.catalina.core.StandardEngine : 173 ] - Starting Servlet engine: [Apache Tomcat/9.0.16]
2020-10-05 15:03:45.173 [ main ] - [ INFO  ] [ org.apache.catalina.core.AprLifecycleListener : 173 ] - The APR based Apache Tomcat Native library which allows optimal performance in production environments was not found on the java.library.path: [/Users/stlife/Library/Java/Extensions:/Library/Java/Extensions:/Network/Library/Java/Extensions:/System/Library/Java/Extensions:/usr/lib/java:.]
2020-10-05 15:03:45.251 [ main ] - [ INFO  ] [ o.a.c.c.C.[Tomcat].[localhost].[/buz-seata] : 173 ] - Initializing Spring embedded WebApplicationContext
2020-10-05 15:03:45.252 [ main ] - [ INFO  ] [ org.springframework.web.context.ContextLoader : 296 ] - Root WebApplicationContext: initialization completed in 1121 ms
2020-10-05 15:03:45.398 [ main ] - [ INFO  ] [ com.zaxxer.hikari.HikariDataSource : 110 ] - HikariPool-1 - Starting...
2020-10-05 15:03:45.549 [ main ] - [ INFO  ] [ com.zaxxer.hikari.HikariDataSource : 123 ] - HikariPool-1 - Start completed.
2020-10-05 15:03:45.577 [ main ] - [ INFO  ] [ org.hibernate.jpa.internal.util.LogHelper : 31 ] - HHH000204: Processing PersistenceUnitInfo [
	name: default
	...]
2020-10-05 15:03:45.614 [ main ] - [ INFO  ] [ org.hibernate.Version : 46 ] - HHH000412: Hibernate Core {5.3.7.Final}
2020-10-05 15:03:45.615 [ main ] - [ INFO  ] [ org.hibernate.cfg.Environment : 213 ] - HHH000206: hibernate.properties not found
2020-10-05 15:03:45.716 [ main ] - [ INFO  ] [ org.hibernate.annotations.common.Version : 49 ] - HCANN000001: Hibernate Commons Annotations {5.0.4.Final}
2020-10-05 15:03:45.804 [ main ] - [ INFO  ] [ org.hibernate.dialect.Dialect : 157 ] - HHH000400: Using dialect: org.hibernate.dialect.MySQL5Dialect
2020-10-05 15:03:46.164 [ main ] - [ INFO  ] [ o.s.orm.jpa.LocalContainerEntityManagerFactoryBean : 415 ] - Initialized JPA EntityManagerFactory for persistence unit 'default'
2020-10-05 15:03:46.488 [ main ] - [ INFO  ] [ o.s.scheduling.concurrent.ThreadPoolTaskExecutor : 171 ] - Initializing ExecutorService 'applicationTaskExecutor'
2020-10-05 15:03:46.521 [ main ] - [ WARN  ] [ o.s.b.a.o.j.JpaBaseConfiguration$JpaWebConfiguration$JpaWebMvcConfiguration : 236 ] - spring.jpa.open-in-view is enabled by default. Therefore, database queries may be performed during view rendering. Explicitly configure spring.jpa.open-in-view to disable this warning
2020-10-05 15:03:46.668 [ main ] - [ INFO  ] [ org.apache.coyote.http11.Http11NioProtocol : 173 ] - Starting ProtocolHandler ["http-nio-20000"]
2020-10-05 15:03:46.690 [ main ] - [ INFO  ] [ o.s.boot.web.embedded.tomcat.TomcatWebServer : 204 ] - Tomcat started on port(s): 20000 (http) with context path '/buz-seata'
2020-10-05 15:03:46.692 [ main ] - [ INFO  ] [ org.stlife.buz.seata.SeataApplication : 59 ] - Started SeataApplication in 2.91 seconds (JVM running for 3.323)
2020-10-05 15:03:52.224 [ http-nio-20000-exec-1 ] - [ INFO  ] [ o.a.c.c.C.[Tomcat].[localhost].[/buz-seata] : 173 ] - Initializing Spring DispatcherServlet 'dispatcherServlet'
2020-10-05 15:03:52.224 [ http-nio-20000-exec-1 ] - [ INFO  ] [ org.springframework.web.servlet.DispatcherServlet : 524 ] - Initializing Servlet 'dispatcherServlet'
2020-10-05 15:03:52.231 [ http-nio-20000-exec-1 ] - [ INFO  ] [ org.springframework.web.servlet.DispatcherServlet : 546 ] - Completed initialization in 6 ms
2020-10-05 15:03:52.271 [ http-nio-20000-exec-1 ] - [ INFO  ] [ o.stlife.buz.seata.service.impl.ProductServiceImpl : 37 ] - seata id:null
2020-10-05 15:04:16.350 [ Thread-8 ] - [ INFO  ] [ o.s.scheduling.concurrent.ThreadPoolTaskExecutor : 208 ] - Shutting down ExecutorService 'applicationTaskExecutor'
2020-10-05 15:04:16.350 [ Thread-8 ] - [ INFO  ] [ o.s.orm.jpa.LocalContainerEntityManagerFactoryBean : 597 ] - Closing JPA EntityManagerFactory for persistence unit 'default'
2020-10-05 15:04:16.352 [ Thread-8 ] - [ INFO  ] [ com.zaxxer.hikari.HikariDataSource : 350 ] - HikariPool-1 - Shutdown initiated...
2020-10-05 15:04:16.354 [ Thread-8 ] - [ INFO  ] [ com.zaxxer.hikari.HikariDataSource : 352 ] - HikariPool-1 - Shutdown completed.
2020-10-05 15:05:57.247 [ main ] - [ INFO  ] [ org.stlife.buz.seata.SeataApplication : 50 ] - Starting SeataApplication on stlife with PID 31187 (/Users/stlife/tech/java/springboot/stlife/stlife-buz/buz-seata/target/classes started by stlife in /Users/stlife/tech/java/springboot/stlife)
2020-10-05 15:05:57.249 [ main ] - [ INFO  ] [ org.stlife.buz.seata.SeataApplication : 675 ] - No active profile set, falling back to default profiles: default
2020-10-05 15:05:57.634 [ main ] - [ INFO  ] [ o.s.d.r.config.RepositoryConfigurationDelegate : 126 ] - Bootstrapping Spring Data repositories in DEFAULT mode.
2020-10-05 15:05:57.680 [ main ] - [ INFO  ] [ o.s.d.r.config.RepositoryConfigurationDelegate : 182 ] - Finished Spring Data repository scanning in 41ms. Found 1 repository interfaces.
2020-10-05 15:05:57.818 [ main ] - [ INFO  ] [ o.s.c.s.PostProcessorRegistrationDelegate$BeanPostProcessorChecker : 330 ] - Bean 'seataConfiguration' of type [org.stlife.buz.seata.configuration.SeataConfiguration$$EnhancerBySpringCGLIB$$39db2228] is not eligible for getting processed by all BeanPostProcessors (for example: not eligible for auto-proxying)
2020-10-05 15:05:57.846 [ main ] - [ INFO  ] [ io.seata.config.FileConfiguration : 121 ] - The configuration file used is registry.conf
2020-10-05 15:05:57.856 [ main ] - [ INFO  ] [ io.seata.config.FileConfiguration : 121 ] - The configuration file used is file.conf
2020-10-05 15:05:57.890 [ main ] - [ INFO  ] [ i.seata.spring.annotation.GlobalTransactionScanner : 164 ] - Initializing Global Transaction Clients ... 
2020-10-05 15:05:57.962 [ main ] - [ INFO  ] [ io.seata.core.rpc.netty.NettyClientBootstrap : 147 ] - NettyClientBootstrap has started
2020-10-05 15:05:57.963 [ main ] - [ INFO  ] [ i.seata.spring.annotation.GlobalTransactionScanner : 172 ] - Transaction Manager Client is initialized. applicationId[buz-seata] txServiceGroup[my_test_tx_group]
2020-10-05 15:05:57.968 [ main ] - [ INFO  ] [ io.seata.rm.datasource.AsyncWorker : 125 ] - Async Commit Buffer Limit: 10000
2020-10-05 15:05:57.968 [ main ] - [ INFO  ] [ io.seata.rm.datasource.xa.ResourceManagerXA : 40 ] - ResourceManagerXA init ...
2020-10-05 15:05:57.971 [ main ] - [ INFO  ] [ io.seata.core.rpc.netty.NettyClientBootstrap : 147 ] - NettyClientBootstrap has started
2020-10-05 15:05:57.972 [ main ] - [ INFO  ] [ i.seata.spring.annotation.GlobalTransactionScanner : 177 ] - Resource Manager is initialized. applicationId[buz-seata] txServiceGroup[my_test_tx_group]
2020-10-05 15:05:57.972 [ main ] - [ INFO  ] [ i.seata.spring.annotation.GlobalTransactionScanner : 181 ] - Global Transaction Clients are initialized. 
2020-10-05 15:05:58.025 [ main ] - [ INFO  ] [ o.s.c.s.PostProcessorRegistrationDelegate$BeanPostProcessorChecker : 330 ] - Bean 'org.springframework.transaction.annotation.ProxyTransactionManagementConfiguration' of type [org.springframework.transaction.annotation.ProxyTransactionManagementConfiguration$$EnhancerBySpringCGLIB$$4c8bebf1] is not eligible for getting processed by all BeanPostProcessors (for example: not eligible for auto-proxying)
2020-10-05 15:05:58.341 [ main ] - [ INFO  ] [ o.s.boot.web.embedded.tomcat.TomcatWebServer : 90 ] - Tomcat initialized with port(s): 20000 (http)
2020-10-05 15:05:58.351 [ main ] - [ INFO  ] [ org.apache.coyote.http11.Http11NioProtocol : 173 ] - Initializing ProtocolHandler ["http-nio-20000"]
2020-10-05 15:05:58.358 [ main ] - [ INFO  ] [ org.apache.catalina.core.StandardService : 173 ] - Starting service [Tomcat]
2020-10-05 15:05:58.359 [ main ] - [ INFO  ] [ org.apache.catalina.core.StandardEngine : 173 ] - Starting Servlet engine: [Apache Tomcat/9.0.16]
2020-10-05 15:05:58.363 [ main ] - [ INFO  ] [ org.apache.catalina.core.AprLifecycleListener : 173 ] - The APR based Apache Tomcat Native library which allows optimal performance in production environments was not found on the java.library.path: [/Users/stlife/Library/Java/Extensions:/Library/Java/Extensions:/Network/Library/Java/Extensions:/System/Library/Java/Extensions:/usr/lib/java:.]
2020-10-05 15:05:58.434 [ main ] - [ INFO  ] [ o.a.c.c.C.[Tomcat].[localhost].[/buz-seata] : 173 ] - Initializing Spring embedded WebApplicationContext
2020-10-05 15:05:58.435 [ main ] - [ INFO  ] [ org.springframework.web.context.ContextLoader : 296 ] - Root WebApplicationContext: initialization completed in 1162 ms
2020-10-05 15:05:58.579 [ main ] - [ INFO  ] [ com.zaxxer.hikari.HikariDataSource : 110 ] - HikariPool-1 - Starting...
2020-10-05 15:05:58.762 [ main ] - [ INFO  ] [ com.zaxxer.hikari.HikariDataSource : 123 ] - HikariPool-1 - Start completed.
2020-10-05 15:05:58.798 [ main ] - [ INFO  ] [ org.hibernate.jpa.internal.util.LogHelper : 31 ] - HHH000204: Processing PersistenceUnitInfo [
	name: default
	...]
2020-10-05 15:05:58.844 [ main ] - [ INFO  ] [ org.hibernate.Version : 46 ] - HHH000412: Hibernate Core {5.3.7.Final}
2020-10-05 15:05:58.845 [ main ] - [ INFO  ] [ org.hibernate.cfg.Environment : 213 ] - HHH000206: hibernate.properties not found
2020-10-05 15:05:58.966 [ main ] - [ INFO  ] [ org.hibernate.annotations.common.Version : 49 ] - HCANN000001: Hibernate Commons Annotations {5.0.4.Final}
2020-10-05 15:05:59.068 [ main ] - [ INFO  ] [ org.hibernate.dialect.Dialect : 157 ] - HHH000400: Using dialect: org.hibernate.dialect.MySQL5Dialect
2020-10-05 15:05:59.438 [ main ] - [ INFO  ] [ o.s.orm.jpa.LocalContainerEntityManagerFactoryBean : 415 ] - Initialized JPA EntityManagerFactory for persistence unit 'default'
2020-10-05 15:05:59.620 [ main ] - [ INFO  ] [ i.seata.spring.annotation.GlobalTransactionScanner : 231 ] - Bean[org.stlife.buz.seata.service.impl.ProductServiceImpl$$EnhancerBySpringCGLIB$$f6f6dda8] with name [productServiceImpl] would use interceptor [io.seata.spring.annotation.GlobalTransactionalInterceptor]
2020-10-05 15:05:59.769 [ main ] - [ INFO  ] [ o.s.scheduling.concurrent.ThreadPoolTaskExecutor : 171 ] - Initializing ExecutorService 'applicationTaskExecutor'
2020-10-05 15:05:59.796 [ main ] - [ WARN  ] [ o.s.b.a.o.j.JpaBaseConfiguration$JpaWebConfiguration$JpaWebMvcConfiguration : 236 ] - spring.jpa.open-in-view is enabled by default. Therefore, database queries may be performed during view rendering. Explicitly configure spring.jpa.open-in-view to disable this warning
2020-10-05 15:05:59.928 [ main ] - [ INFO  ] [ org.apache.coyote.http11.Http11NioProtocol : 173 ] - Starting ProtocolHandler ["http-nio-20000"]
2020-10-05 15:05:59.945 [ main ] - [ INFO  ] [ o.s.boot.web.embedded.tomcat.TomcatWebServer : 204 ] - Tomcat started on port(s): 20000 (http) with context path '/buz-seata'
2020-10-05 15:05:59.948 [ main ] - [ INFO  ] [ org.stlife.buz.seata.SeataApplication : 59 ] - Started SeataApplication in 2.993 seconds (JVM running for 3.419)
2020-10-05 15:06:09.954 [ http-nio-20000-exec-1 ] - [ INFO  ] [ o.a.c.c.C.[Tomcat].[localhost].[/buz-seata] : 173 ] - Initializing Spring DispatcherServlet 'dispatcherServlet'
2020-10-05 15:06:09.954 [ http-nio-20000-exec-1 ] - [ INFO  ] [ org.springframework.web.servlet.DispatcherServlet : 524 ] - Initializing Servlet 'dispatcherServlet'
2020-10-05 15:06:09.960 [ http-nio-20000-exec-1 ] - [ INFO  ] [ org.springframework.web.servlet.DispatcherServlet : 546 ] - Completed initialization in 6 ms
2020-10-05 15:06:09.991 [ http-nio-20000-exec-1 ] - [ INFO  ] [ io.seata.tm.TransactionManagerHolder : 40 ] - TransactionManager Singleton io.seata.tm.DefaultTransactionManager@1935e920
2020-10-05 15:06:09.998 [ rpcMergeMessageSend_TMROLE_1_1 ] - [ INFO  ] [ io.seata.core.rpc.netty.NettyClientChannelManager : 99 ] - will connect to 127.0.0.1:8091
2020-10-05 15:06:10.000 [ rpcMergeMessageSend_TMROLE_1_1 ] - [ INFO  ] [ io.seata.core.rpc.netty.NettyPoolableFactory : 56 ] - NettyPool create channel to transactionRole:TMROLE,address:127.0.0.1:8091,msg:< RegisterTMRequest{applicationId='buz-seata', transactionServiceGroup='my_test_tx_group'} >
2020-10-05 15:06:10.212 [ rpcMergeMessageSend_TMROLE_1_1 ] - [ INFO  ] [ io.seata.core.rpc.netty.TmNettyRemotingClient : 138 ] - register TM success. client version:1.3.0, server version:1.3.0,channel:[id: 0x5aa5f5a6, L:/127.0.0.1:57617 - R:/127.0.0.1:8091]
2020-10-05 15:06:10.220 [ rpcMergeMessageSend_TMROLE_1_1 ] - [ INFO  ] [ io.seata.core.rpc.netty.NettyPoolableFactory : 81 ] - register success, cost 155 ms, version:1.3.0,role:TMROLE,channel:[id: 0x5aa5f5a6, L:/127.0.0.1:57617 - R:/127.0.0.1:8091]
2020-10-05 15:06:10.226 [ http-nio-20000-exec-1 ] - [ INFO  ] [ io.seata.tm.api.DefaultGlobalTransaction : 108 ] - Begin new global transaction [192.168.43.225:8091:56398164411682816]
2020-10-05 15:06:10.237 [ http-nio-20000-exec-1 ] - [ INFO  ] [ o.stlife.buz.seata.service.impl.ProductServiceImpl : 37 ] - seata id:192.168.43.225:8091:56398164411682816
2020-10-05 15:06:10.293 [ http-nio-20000-exec-1 ] - [ INFO  ] [ io.seata.tm.api.DefaultGlobalTransaction : 143 ] - [192.168.43.225:8091:56398164411682816] commit status: Committed
2020-10-05 15:06:57.976 [ timeoutChecker_2_1 ] - [ INFO  ] [ io.seata.core.rpc.netty.NettyClientChannelManager : 99 ] - will connect to 127.0.0.1:8091
2020-10-05 15:06:57.977 [ timeoutChecker_2_1 ] - [ INFO  ] [ io.seata.core.rpc.netty.NettyPoolableFactory : 56 ] - NettyPool create channel to transactionRole:RMROLE,address:127.0.0.1:8091,msg:< RegisterRMRequest{resourceIds='null', applicationId='buz-seata', transactionServiceGroup='my_test_tx_group'} >
2020-10-05 15:06:57.983 [ timeoutChecker_2_1 ] - [ INFO  ] [ io.seata.core.rpc.netty.RmNettyRemotingClient : 151 ] - register RM success. client version:1.3.0, server version:1.3.0,channel:[id: 0x585ebd7c, L:/127.0.0.1:57642 - R:/127.0.0.1:8091]
2020-10-05 15:06:57.983 [ timeoutChecker_2_1 ] - [ INFO  ] [ io.seata.core.rpc.netty.NettyPoolableFactory : 81 ] - register success, cost 4 ms, version:1.3.0,role:RMROLE,channel:[id: 0x585ebd7c, L:/127.0.0.1:57642 - R:/127.0.0.1:8091]
2020-10-05 15:08:19.186 [ Thread-3 ] - [ INFO  ] [ o.s.scheduling.concurrent.ThreadPoolTaskExecutor : 208 ] - Shutting down ExecutorService 'applicationTaskExecutor'
2020-10-05 15:08:19.186 [ Thread-3 ] - [ INFO  ] [ o.s.orm.jpa.LocalContainerEntityManagerFactoryBean : 597 ] - Closing JPA EntityManagerFactory for persistence unit 'default'
2020-10-05 15:08:19.188 [ Thread-3 ] - [ INFO  ] [ com.zaxxer.hikari.HikariDataSource : 350 ] - HikariPool-1 - Shutdown initiated...
2020-10-05 15:08:19.191 [ Thread-3 ] - [ INFO  ] [ com.zaxxer.hikari.HikariDataSource : 352 ] - HikariPool-1 - Shutdown completed.
2020-10-05 15:08:19.192 [ NettyClientSelector_TMROLE_1_1 ] - [ INFO  ] [ i.seata.core.rpc.netty.AbstractNettyRemotingClient : 384 ] - channel inactive: [id: 0x5aa5f5a6, L:/127.0.0.1:57617 ! R:/127.0.0.1:8091]
2020-10-05 15:08:19.192 [ NettyClientSelector_TMROLE_1_1 ] - [ INFO  ] [ io.seata.core.rpc.netty.NettyClientChannelManager : 124 ] - return to pool, rm channel:[id: 0x5aa5f5a6, L:/127.0.0.1:57617 ! R:/127.0.0.1:8091]
2020-10-05 15:08:19.193 [ NettyClientSelector_TMROLE_1_1 ] - [ INFO  ] [ io.seata.core.rpc.netty.NettyPoolableFactory : 133 ] - channel valid false,channel:[id: 0x5aa5f5a6, L:/127.0.0.1:57617 ! R:/127.0.0.1:8091]
2020-10-05 15:08:19.193 [ NettyClientSelector_TMROLE_1_1 ] - [ INFO  ] [ io.seata.core.rpc.netty.NettyPoolableFactory : 120 ] - will destroy channel:[id: 0x5aa5f5a6, L:/127.0.0.1:57617 ! R:/127.0.0.1:8091]
2020-10-05 15:08:19.193 [ NettyClientSelector_TMROLE_1_1 ] - [ INFO  ] [ i.seata.core.rpc.netty.AbstractNettyRemotingClient : 434 ] - ChannelHandlerContext(AbstractNettyRemotingClient$ClientHandler#0, [id: 0x5aa5f5a6, L:/127.0.0.1:57617 ! R:/127.0.0.1:8091]) will closed
2020-10-05 15:08:19.194 [ NettyClientSelector_TMROLE_1_1 ] - [ INFO  ] [ i.seata.core.rpc.netty.AbstractNettyRemotingClient : 434 ] - ChannelHandlerContext(AbstractNettyRemotingClient$ClientHandler#0, [id: 0x5aa5f5a6, L:/127.0.0.1:57617 ! R:/127.0.0.1:8091]) will closed
2020-10-05 15:08:23.930 [ main ] - [ INFO  ] [ org.stlife.buz.seata.SeataApplication : 50 ] - Starting SeataApplication on stlife with PID 31221 (/Users/stlife/tech/java/springboot/stlife/stlife-buz/buz-seata/target/classes started by stlife in /Users/stlife/tech/java/springboot/stlife)
2020-10-05 15:08:23.933 [ main ] - [ INFO  ] [ org.stlife.buz.seata.SeataApplication : 675 ] - No active profile set, falling back to default profiles: default
2020-10-05 15:08:24.339 [ main ] - [ INFO  ] [ o.s.d.r.config.RepositoryConfigurationDelegate : 126 ] - Bootstrapping Spring Data repositories in DEFAULT mode.
2020-10-05 15:08:24.396 [ main ] - [ INFO  ] [ o.s.d.r.config.RepositoryConfigurationDelegate : 182 ] - Finished Spring Data repository scanning in 50ms. Found 1 repository interfaces.
2020-10-05 15:08:24.611 [ main ] - [ INFO  ] [ o.s.c.s.PostProcessorRegistrationDelegate$BeanPostProcessorChecker : 330 ] - Bean 'seataConfiguration' of type [org.stlife.buz.seata.configuration.SeataConfiguration$$EnhancerBySpringCGLIB$$74318a17] is not eligible for getting processed by all BeanPostProcessors (for example: not eligible for auto-proxying)
2020-10-05 15:08:24.648 [ main ] - [ INFO  ] [ io.seata.config.FileConfiguration : 121 ] - The configuration file used is registry.conf
2020-10-05 15:08:24.659 [ main ] - [ INFO  ] [ io.seata.config.FileConfiguration : 121 ] - The configuration file used is file.conf
2020-10-05 15:08:24.702 [ main ] - [ INFO  ] [ i.seata.spring.annotation.GlobalTransactionScanner : 164 ] - Initializing Global Transaction Clients ... 
2020-10-05 15:08:24.752 [ main ] - [ INFO  ] [ io.seata.core.rpc.netty.NettyClientBootstrap : 147 ] - NettyClientBootstrap has started
2020-10-05 15:08:24.753 [ main ] - [ INFO  ] [ i.seata.spring.annotation.GlobalTransactionScanner : 172 ] - Transaction Manager Client is initialized. applicationId[buz-seata] txServiceGroup[stlife_seata_tx_group]
2020-10-05 15:08:24.760 [ main ] - [ INFO  ] [ io.seata.rm.datasource.AsyncWorker : 125 ] - Async Commit Buffer Limit: 10000
2020-10-05 15:08:24.761 [ main ] - [ INFO  ] [ io.seata.rm.datasource.xa.ResourceManagerXA : 40 ] - ResourceManagerXA init ...
2020-10-05 15:08:24.765 [ main ] - [ INFO  ] [ io.seata.core.rpc.netty.NettyClientBootstrap : 147 ] - NettyClientBootstrap has started
2020-10-05 15:08:24.765 [ main ] - [ INFO  ] [ i.seata.spring.annotation.GlobalTransactionScanner : 177 ] - Resource Manager is initialized. applicationId[buz-seata] txServiceGroup[stlife_seata_tx_group]
2020-10-05 15:08:24.766 [ main ] - [ INFO  ] [ i.seata.spring.annotation.GlobalTransactionScanner : 181 ] - Global Transaction Clients are initialized. 
2020-10-05 15:08:24.841 [ main ] - [ INFO  ] [ o.s.c.s.PostProcessorRegistrationDelegate$BeanPostProcessorChecker : 330 ] - Bean 'org.springframework.transaction.annotation.ProxyTransactionManagementConfiguration' of type [org.springframework.transaction.annotation.ProxyTransactionManagementConfiguration$$EnhancerBySpringCGLIB$$86e253e0] is not eligible for getting processed by all BeanPostProcessors (for example: not eligible for auto-proxying)
2020-10-05 15:08:25.199 [ main ] - [ INFO  ] [ o.s.boot.web.embedded.tomcat.TomcatWebServer : 90 ] - Tomcat initialized with port(s): 20000 (http)
2020-10-05 15:08:25.210 [ main ] - [ INFO  ] [ org.apache.coyote.http11.Http11NioProtocol : 173 ] - Initializing ProtocolHandler ["http-nio-20000"]
2020-10-05 15:08:25.217 [ main ] - [ INFO  ] [ org.apache.catalina.core.StandardService : 173 ] - Starting service [Tomcat]
2020-10-05 15:08:25.217 [ main ] - [ INFO  ] [ org.apache.catalina.core.StandardEngine : 173 ] - Starting Servlet engine: [Apache Tomcat/9.0.16]
2020-10-05 15:08:25.222 [ main ] - [ INFO  ] [ org.apache.catalina.core.AprLifecycleListener : 173 ] - The APR based Apache Tomcat Native library which allows optimal performance in production environments was not found on the java.library.path: [/Users/stlife/Library/Java/Extensions:/Library/Java/Extensions:/Network/Library/Java/Extensions:/System/Library/Java/Extensions:/usr/lib/java:.]
2020-10-05 15:08:25.284 [ main ] - [ INFO  ] [ o.a.c.c.C.[Tomcat].[localhost].[/buz-seata] : 173 ] - Initializing Spring embedded WebApplicationContext
2020-10-05 15:08:25.284 [ main ] - [ INFO  ] [ org.springframework.web.context.ContextLoader : 296 ] - Root WebApplicationContext: initialization completed in 1323 ms
2020-10-05 15:08:25.394 [ main ] - [ INFO  ] [ com.zaxxer.hikari.HikariDataSource : 110 ] - HikariPool-1 - Starting...
2020-10-05 15:08:25.550 [ main ] - [ INFO  ] [ com.zaxxer.hikari.HikariDataSource : 123 ] - HikariPool-1 - Start completed.
2020-10-05 15:08:25.579 [ main ] - [ INFO  ] [ org.hibernate.jpa.internal.util.LogHelper : 31 ] - HHH000204: Processing PersistenceUnitInfo [
	name: default
	...]
2020-10-05 15:08:25.619 [ main ] - [ INFO  ] [ org.hibernate.Version : 46 ] - HHH000412: Hibernate Core {5.3.7.Final}
2020-10-05 15:08:25.620 [ main ] - [ INFO  ] [ org.hibernate.cfg.Environment : 213 ] - HHH000206: hibernate.properties not found
2020-10-05 15:08:25.722 [ main ] - [ INFO  ] [ org.hibernate.annotations.common.Version : 49 ] - HCANN000001: Hibernate Commons Annotations {5.0.4.Final}
2020-10-05 15:08:25.811 [ main ] - [ INFO  ] [ org.hibernate.dialect.Dialect : 157 ] - HHH000400: Using dialect: org.hibernate.dialect.MySQL5Dialect
2020-10-05 15:08:26.199 [ main ] - [ INFO  ] [ o.s.orm.jpa.LocalContainerEntityManagerFactoryBean : 415 ] - Initialized JPA EntityManagerFactory for persistence unit 'default'
2020-10-05 15:08:26.408 [ main ] - [ INFO  ] [ i.seata.spring.annotation.GlobalTransactionScanner : 231 ] - Bean[org.stlife.buz.seata.service.impl.ProductServiceImpl$$EnhancerBySpringCGLIB$$30fa9015] with name [productServiceImpl] would use interceptor [io.seata.spring.annotation.GlobalTransactionalInterceptor]
2020-10-05 15:08:26.588 [ main ] - [ INFO  ] [ o.s.scheduling.concurrent.ThreadPoolTaskExecutor : 171 ] - Initializing ExecutorService 'applicationTaskExecutor'
2020-10-05 15:08:26.620 [ main ] - [ WARN  ] [ o.s.b.a.o.j.JpaBaseConfiguration$JpaWebConfiguration$JpaWebMvcConfiguration : 236 ] - spring.jpa.open-in-view is enabled by default. Therefore, database queries may be performed during view rendering. Explicitly configure spring.jpa.open-in-view to disable this warning
2020-10-05 15:08:26.780 [ main ] - [ INFO  ] [ org.apache.coyote.http11.Http11NioProtocol : 173 ] - Starting ProtocolHandler ["http-nio-20000"]
2020-10-05 15:08:26.798 [ main ] - [ INFO  ] [ o.s.boot.web.embedded.tomcat.TomcatWebServer : 204 ] - Tomcat started on port(s): 20000 (http) with context path '/buz-seata'
2020-10-05 15:08:26.800 [ main ] - [ INFO  ] [ org.stlife.buz.seata.SeataApplication : 59 ] - Started SeataApplication in 3.184 seconds (JVM running for 3.62)
2020-10-05 15:08:38.234 [ http-nio-20000-exec-1 ] - [ INFO  ] [ o.a.c.c.C.[Tomcat].[localhost].[/buz-seata] : 173 ] - Initializing Spring DispatcherServlet 'dispatcherServlet'
2020-10-05 15:08:38.235 [ http-nio-20000-exec-1 ] - [ INFO  ] [ org.springframework.web.servlet.DispatcherServlet : 524 ] - Initializing Servlet 'dispatcherServlet'
2020-10-05 15:08:38.241 [ http-nio-20000-exec-1 ] - [ INFO  ] [ org.springframework.web.servlet.DispatcherServlet : 546 ] - Completed initialization in 6 ms
2020-10-05 15:08:38.276 [ http-nio-20000-exec-1 ] - [ INFO  ] [ io.seata.tm.TransactionManagerHolder : 40 ] - TransactionManager Singleton io.seata.tm.DefaultTransactionManager@633ea4b5
2020-10-05 15:08:38.280 [ http-nio-20000-exec-1 ] - [ ERROR ] [ i.seata.core.rpc.netty.AbstractNettyRemotingClient : 254 ] - endpoint format should like ip:port
2020-10-05 15:08:38.282 [ http-nio-20000-exec-1 ] - [ ERROR ] [ org.stlife.commons.exception.GlobalExceptionAdvice : 33 ] - No available service
2020-10-05 15:09:24.754 [ timeoutChecker_1_1 ] - [ ERROR ] [ io.seata.core.rpc.netty.NettyClientChannelManager : 164 ] - Failed to get available servers: endpoint format should like ip:port
java.lang.IllegalArgumentException: endpoint format should like ip:port
	at io.seata.discovery.registry.FileRegistryServiceImpl.lookup(FileRegistryServiceImpl.java:95)
	at io.seata.core.rpc.netty.NettyClientChannelManager.getAvailServerList(NettyClientChannelManager.java:217)
	at io.seata.core.rpc.netty.NettyClientChannelManager.reconnect(NettyClientChannelManager.java:162)
	at io.seata.core.rpc.netty.AbstractNettyRemotingClient$1.run(AbstractNettyRemotingClient.java:106)
	at java.util.concurrent.Executors$RunnableAdapter.call(Executors.java:511)
	at java.util.concurrent.FutureTask.runAndReset(FutureTask.java:308)
	at java.util.concurrent.ScheduledThreadPoolExecutor$ScheduledFutureTask.access$301(ScheduledThreadPoolExecutor.java:180)
	at java.util.concurrent.ScheduledThreadPoolExecutor$ScheduledFutureTask.run(ScheduledThreadPoolExecutor.java:294)
	at java.util.concurrent.ThreadPoolExecutor.runWorker(ThreadPoolExecutor.java:1149)
	at java.util.concurrent.ThreadPoolExecutor$Worker.run(ThreadPoolExecutor.java:624)
	at io.netty.util.concurrent.FastThreadLocalRunnable.run(FastThreadLocalRunnable.java:30)
	at java.lang.Thread.run(Thread.java:748)
2020-10-05 15:09:24.768 [ timeoutChecker_2_1 ] - [ ERROR ] [ io.seata.core.rpc.netty.NettyClientChannelManager : 164 ] - Failed to get available servers: endpoint format should like ip:port
java.lang.IllegalArgumentException: endpoint format should like ip:port
	at io.seata.discovery.registry.FileRegistryServiceImpl.lookup(FileRegistryServiceImpl.java:95)
	at io.seata.core.rpc.netty.NettyClientChannelManager.getAvailServerList(NettyClientChannelManager.java:217)
	at io.seata.core.rpc.netty.NettyClientChannelManager.reconnect(NettyClientChannelManager.java:162)
	at io.seata.core.rpc.netty.AbstractNettyRemotingClient$1.run(AbstractNettyRemotingClient.java:106)
	at java.util.concurrent.Executors$RunnableAdapter.call(Executors.java:511)
	at java.util.concurrent.FutureTask.runAndReset(FutureTask.java:308)
	at java.util.concurrent.ScheduledThreadPoolExecutor$ScheduledFutureTask.access$301(ScheduledThreadPoolExecutor.java:180)
	at java.util.concurrent.ScheduledThreadPoolExecutor$ScheduledFutureTask.run(ScheduledThreadPoolExecutor.java:294)
	at java.util.concurrent.ThreadPoolExecutor.runWorker(ThreadPoolExecutor.java:1149)
	at java.util.concurrent.ThreadPoolExecutor$Worker.run(ThreadPoolExecutor.java:624)
	at io.netty.util.concurrent.FastThreadLocalRunnable.run(FastThreadLocalRunnable.java:30)
	at java.lang.Thread.run(Thread.java:748)
2020-10-05 15:09:34.752 [ timeoutChecker_1_1 ] - [ ERROR ] [ io.seata.core.rpc.netty.NettyClientChannelManager : 164 ] - Failed to get available servers: endpoint format should like ip:port
java.lang.IllegalArgumentException: endpoint format should like ip:port
	at io.seata.discovery.registry.FileRegistryServiceImpl.lookup(FileRegistryServiceImpl.java:95)
	at io.seata.core.rpc.netty.NettyClientChannelManager.getAvailServerList(NettyClientChannelManager.java:217)
	at io.seata.core.rpc.netty.NettyClientChannelManager.reconnect(NettyClientChannelManager.java:162)
	at io.seata.core.rpc.netty.AbstractNettyRemotingClient$1.run(AbstractNettyRemotingClient.java:106)
	at java.util.concurrent.Executors$RunnableAdapter.call(Executors.java:511)
	at java.util.concurrent.FutureTask.runAndReset(FutureTask.java:308)
	at java.util.concurrent.ScheduledThreadPoolExecutor$ScheduledFutureTask.access$301(ScheduledThreadPoolExecutor.java:180)
	at java.util.concurrent.ScheduledThreadPoolExecutor$ScheduledFutureTask.run(ScheduledThreadPoolExecutor.java:294)
	at java.util.concurrent.ThreadPoolExecutor.runWorker(ThreadPoolExecutor.java:1149)
	at java.util.concurrent.ThreadPoolExecutor$Worker.run(ThreadPoolExecutor.java:624)
	at io.netty.util.concurrent.FastThreadLocalRunnable.run(FastThreadLocalRunnable.java:30)
	at java.lang.Thread.run(Thread.java:748)
2020-10-05 15:09:34.766 [ timeoutChecker_2_1 ] - [ ERROR ] [ io.seata.core.rpc.netty.NettyClientChannelManager : 164 ] - Failed to get available servers: endpoint format should like ip:port
java.lang.IllegalArgumentException: endpoint format should like ip:port
	at io.seata.discovery.registry.FileRegistryServiceImpl.lookup(FileRegistryServiceImpl.java:95)
	at io.seata.core.rpc.netty.NettyClientChannelManager.getAvailServerList(NettyClientChannelManager.java:217)
	at io.seata.core.rpc.netty.NettyClientChannelManager.reconnect(NettyClientChannelManager.java:162)
	at io.seata.core.rpc.netty.AbstractNettyRemotingClient$1.run(AbstractNettyRemotingClient.java:106)
	at java.util.concurrent.Executors$RunnableAdapter.call(Executors.java:511)
	at java.util.concurrent.FutureTask.runAndReset(FutureTask.java:308)
	at java.util.concurrent.ScheduledThreadPoolExecutor$ScheduledFutureTask.access$301(ScheduledThreadPoolExecutor.java:180)
	at java.util.concurrent.ScheduledThreadPoolExecutor$ScheduledFutureTask.run(ScheduledThreadPoolExecutor.java:294)
	at java.util.concurrent.ThreadPoolExecutor.runWorker(ThreadPoolExecutor.java:1149)
	at java.util.concurrent.ThreadPoolExecutor$Worker.run(ThreadPoolExecutor.java:624)
	at io.netty.util.concurrent.FastThreadLocalRunnable.run(FastThreadLocalRunnable.java:30)
	at java.lang.Thread.run(Thread.java:748)
2020-10-05 15:09:44.753 [ timeoutChecker_1_1 ] - [ ERROR ] [ io.seata.core.rpc.netty.NettyClientChannelManager : 164 ] - Failed to get available servers: endpoint format should like ip:port
java.lang.IllegalArgumentException: endpoint format should like ip:port
	at io.seata.discovery.registry.FileRegistryServiceImpl.lookup(FileRegistryServiceImpl.java:95)
	at io.seata.core.rpc.netty.NettyClientChannelManager.getAvailServerList(NettyClientChannelManager.java:217)
	at io.seata.core.rpc.netty.NettyClientChannelManager.reconnect(NettyClientChannelManager.java:162)
	at io.seata.core.rpc.netty.AbstractNettyRemotingClient$1.run(AbstractNettyRemotingClient.java:106)
	at java.util.concurrent.Executors$RunnableAdapter.call(Executors.java:511)
	at java.util.concurrent.FutureTask.runAndReset(FutureTask.java:308)
	at java.util.concurrent.ScheduledThreadPoolExecutor$ScheduledFutureTask.access$301(ScheduledThreadPoolExecutor.java:180)
	at java.util.concurrent.ScheduledThreadPoolExecutor$ScheduledFutureTask.run(ScheduledThreadPoolExecutor.java:294)
	at java.util.concurrent.ThreadPoolExecutor.runWorker(ThreadPoolExecutor.java:1149)
	at java.util.concurrent.ThreadPoolExecutor$Worker.run(ThreadPoolExecutor.java:624)
	at io.netty.util.concurrent.FastThreadLocalRunnable.run(FastThreadLocalRunnable.java:30)
	at java.lang.Thread.run(Thread.java:748)
2020-10-05 15:09:44.769 [ timeoutChecker_2_1 ] - [ ERROR ] [ io.seata.core.rpc.netty.NettyClientChannelManager : 164 ] - Failed to get available servers: endpoint format should like ip:port
java.lang.IllegalArgumentException: endpoint format should like ip:port
	at io.seata.discovery.registry.FileRegistryServiceImpl.lookup(FileRegistryServiceImpl.java:95)
	at io.seata.core.rpc.netty.NettyClientChannelManager.getAvailServerList(NettyClientChannelManager.java:217)
	at io.seata.core.rpc.netty.NettyClientChannelManager.reconnect(NettyClientChannelManager.java:162)
	at io.seata.core.rpc.netty.AbstractNettyRemotingClient$1.run(AbstractNettyRemotingClient.java:106)
	at java.util.concurrent.Executors$RunnableAdapter.call(Executors.java:511)
	at java.util.concurrent.FutureTask.runAndReset(FutureTask.java:308)
	at java.util.concurrent.ScheduledThreadPoolExecutor$ScheduledFutureTask.access$301(ScheduledThreadPoolExecutor.java:180)
	at java.util.concurrent.ScheduledThreadPoolExecutor$ScheduledFutureTask.run(ScheduledThreadPoolExecutor.java:294)
	at java.util.concurrent.ThreadPoolExecutor.runWorker(ThreadPoolExecutor.java:1149)
	at java.util.concurrent.ThreadPoolExecutor$Worker.run(ThreadPoolExecutor.java:624)
	at io.netty.util.concurrent.FastThreadLocalRunnable.run(FastThreadLocalRunnable.java:30)
	at java.lang.Thread.run(Thread.java:748)
2020-10-05 15:09:54.752 [ timeoutChecker_1_1 ] - [ ERROR ] [ io.seata.core.rpc.netty.NettyClientChannelManager : 164 ] - Failed to get available servers: endpoint format should like ip:port
java.lang.IllegalArgumentException: endpoint format should like ip:port
	at io.seata.discovery.registry.FileRegistryServiceImpl.lookup(FileRegistryServiceImpl.java:95)
	at io.seata.core.rpc.netty.NettyClientChannelManager.getAvailServerList(NettyClientChannelManager.java:217)
	at io.seata.core.rpc.netty.NettyClientChannelManager.reconnect(NettyClientChannelManager.java:162)
	at io.seata.core.rpc.netty.AbstractNettyRemotingClient$1.run(AbstractNettyRemotingClient.java:106)
	at java.util.concurrent.Executors$RunnableAdapter.call(Executors.java:511)
	at java.util.concurrent.FutureTask.runAndReset(FutureTask.java:308)
	at java.util.concurrent.ScheduledThreadPoolExecutor$ScheduledFutureTask.access$301(ScheduledThreadPoolExecutor.java:180)
	at java.util.concurrent.ScheduledThreadPoolExecutor$ScheduledFutureTask.run(ScheduledThreadPoolExecutor.java:294)
	at java.util.concurrent.ThreadPoolExecutor.runWorker(ThreadPoolExecutor.java:1149)
	at java.util.concurrent.ThreadPoolExecutor$Worker.run(ThreadPoolExecutor.java:624)
	at io.netty.util.concurrent.FastThreadLocalRunnable.run(FastThreadLocalRunnable.java:30)
	at java.lang.Thread.run(Thread.java:748)
2020-10-05 15:09:54.767 [ timeoutChecker_2_1 ] - [ ERROR ] [ io.seata.core.rpc.netty.NettyClientChannelManager : 164 ] - Failed to get available servers: endpoint format should like ip:port
java.lang.IllegalArgumentException: endpoint format should like ip:port
	at io.seata.discovery.registry.FileRegistryServiceImpl.lookup(FileRegistryServiceImpl.java:95)
	at io.seata.core.rpc.netty.NettyClientChannelManager.getAvailServerList(NettyClientChannelManager.java:217)
	at io.seata.core.rpc.netty.NettyClientChannelManager.reconnect(NettyClientChannelManager.java:162)
	at io.seata.core.rpc.netty.AbstractNettyRemotingClient$1.run(AbstractNettyRemotingClient.java:106)
	at java.util.concurrent.Executors$RunnableAdapter.call(Executors.java:511)
	at java.util.concurrent.FutureTask.runAndReset(FutureTask.java:308)
	at java.util.concurrent.ScheduledThreadPoolExecutor$ScheduledFutureTask.access$301(ScheduledThreadPoolExecutor.java:180)
	at java.util.concurrent.ScheduledThreadPoolExecutor$ScheduledFutureTask.run(ScheduledThreadPoolExecutor.java:294)
	at java.util.concurrent.ThreadPoolExecutor.runWorker(ThreadPoolExecutor.java:1149)
	at java.util.concurrent.ThreadPoolExecutor$Worker.run(ThreadPoolExecutor.java:624)
	at io.netty.util.concurrent.FastThreadLocalRunnable.run(FastThreadLocalRunnable.java:30)
	at java.lang.Thread.run(Thread.java:748)
2020-10-05 15:10:03.323 [ Thread-3 ] - [ INFO  ] [ o.s.scheduling.concurrent.ThreadPoolTaskExecutor : 208 ] - Shutting down ExecutorService 'applicationTaskExecutor'
2020-10-05 15:10:03.324 [ Thread-3 ] - [ INFO  ] [ o.s.orm.jpa.LocalContainerEntityManagerFactoryBean : 597 ] - Closing JPA EntityManagerFactory for persistence unit 'default'
2020-10-05 15:10:03.325 [ Thread-3 ] - [ INFO  ] [ com.zaxxer.hikari.HikariDataSource : 350 ] - HikariPool-1 - Shutdown initiated...
2020-10-05 15:10:03.328 [ Thread-3 ] - [ INFO  ] [ com.zaxxer.hikari.HikariDataSource : 352 ] - HikariPool-1 - Shutdown completed.
2020-10-05 15:10:06.100 [ main ] - [ INFO  ] [ org.stlife.buz.seata.SeataApplication : 50 ] - Starting SeataApplication on stlife with PID 31243 (/Users/stlife/tech/java/springboot/stlife/stlife-buz/buz-seata/target/classes started by stlife in /Users/stlife/tech/java/springboot/stlife)
2020-10-05 15:10:06.102 [ main ] - [ INFO  ] [ org.stlife.buz.seata.SeataApplication : 675 ] - No active profile set, falling back to default profiles: default
2020-10-05 15:10:06.531 [ main ] - [ INFO  ] [ o.s.d.r.config.RepositoryConfigurationDelegate : 126 ] - Bootstrapping Spring Data repositories in DEFAULT mode.
2020-10-05 15:10:06.586 [ main ] - [ INFO  ] [ o.s.d.r.config.RepositoryConfigurationDelegate : 182 ] - Finished Spring Data repository scanning in 50ms. Found 1 repository interfaces.
2020-10-05 15:10:06.760 [ main ] - [ INFO  ] [ o.s.c.s.PostProcessorRegistrationDelegate$BeanPostProcessorChecker : 330 ] - Bean 'seataConfiguration' of type [org.stlife.buz.seata.configuration.SeataConfiguration$$EnhancerBySpringCGLIB$$48a4355b] is not eligible for getting processed by all BeanPostProcessors (for example: not eligible for auto-proxying)
2020-10-05 15:10:06.791 [ main ] - [ INFO  ] [ io.seata.config.FileConfiguration : 121 ] - The configuration file used is registry.conf
2020-10-05 15:10:06.803 [ main ] - [ INFO  ] [ io.seata.config.FileConfiguration : 121 ] - The configuration file used is file.conf
2020-10-05 15:10:06.845 [ main ] - [ INFO  ] [ i.seata.spring.annotation.GlobalTransactionScanner : 164 ] - Initializing Global Transaction Clients ... 
2020-10-05 15:10:06.895 [ main ] - [ INFO  ] [ io.seata.core.rpc.netty.NettyClientBootstrap : 147 ] - NettyClientBootstrap has started
2020-10-05 15:10:06.895 [ main ] - [ INFO  ] [ i.seata.spring.annotation.GlobalTransactionScanner : 172 ] - Transaction Manager Client is initialized. applicationId[buz-seata] txServiceGroup[stlife_seata_tx_group]
2020-10-05 15:10:06.901 [ main ] - [ INFO  ] [ io.seata.rm.datasource.AsyncWorker : 125 ] - Async Commit Buffer Limit: 10000
2020-10-05 15:10:06.901 [ main ] - [ INFO  ] [ io.seata.rm.datasource.xa.ResourceManagerXA : 40 ] - ResourceManagerXA init ...
2020-10-05 15:10:06.905 [ main ] - [ INFO  ] [ io.seata.core.rpc.netty.NettyClientBootstrap : 147 ] - NettyClientBootstrap has started
2020-10-05 15:10:06.905 [ main ] - [ INFO  ] [ i.seata.spring.annotation.GlobalTransactionScanner : 177 ] - Resource Manager is initialized. applicationId[buz-seata] txServiceGroup[stlife_seata_tx_group]
2020-10-05 15:10:06.905 [ main ] - [ INFO  ] [ i.seata.spring.annotation.GlobalTransactionScanner : 181 ] - Global Transaction Clients are initialized. 
2020-10-05 15:10:06.969 [ main ] - [ INFO  ] [ o.s.c.s.PostProcessorRegistrationDelegate$BeanPostProcessorChecker : 330 ] - Bean 'org.springframework.transaction.annotation.ProxyTransactionManagementConfiguration' of type [org.springframework.transaction.annotation.ProxyTransactionManagementConfiguration$$EnhancerBySpringCGLIB$$5b54ff24] is not eligible for getting processed by all BeanPostProcessors (for example: not eligible for auto-proxying)
2020-10-05 15:10:07.311 [ main ] - [ INFO  ] [ o.s.boot.web.embedded.tomcat.TomcatWebServer : 90 ] - Tomcat initialized with port(s): 20000 (http)
2020-10-05 15:10:07.321 [ main ] - [ INFO  ] [ org.apache.coyote.http11.Http11NioProtocol : 173 ] - Initializing ProtocolHandler ["http-nio-20000"]
2020-10-05 15:10:07.328 [ main ] - [ INFO  ] [ org.apache.catalina.core.StandardService : 173 ] - Starting service [Tomcat]
2020-10-05 15:10:07.329 [ main ] - [ INFO  ] [ org.apache.catalina.core.StandardEngine : 173 ] - Starting Servlet engine: [Apache Tomcat/9.0.16]
2020-10-05 15:10:07.334 [ main ] - [ INFO  ] [ org.apache.catalina.core.AprLifecycleListener : 173 ] - The APR based Apache Tomcat Native library which allows optimal performance in production environments was not found on the java.library.path: [/Users/stlife/Library/Java/Extensions:/Library/Java/Extensions:/Network/Library/Java/Extensions:/System/Library/Java/Extensions:/usr/lib/java:.]
2020-10-05 15:10:07.397 [ main ] - [ INFO  ] [ o.a.c.c.C.[Tomcat].[localhost].[/buz-seata] : 173 ] - Initializing Spring embedded WebApplicationContext
2020-10-05 15:10:07.398 [ main ] - [ INFO  ] [ org.springframework.web.context.ContextLoader : 296 ] - Root WebApplicationContext: initialization completed in 1270 ms
2020-10-05 15:10:07.500 [ main ] - [ INFO  ] [ com.zaxxer.hikari.HikariDataSource : 110 ] - HikariPool-1 - Starting...
2020-10-05 15:10:07.646 [ main ] - [ INFO  ] [ com.zaxxer.hikari.HikariDataSource : 123 ] - HikariPool-1 - Start completed.
2020-10-05 15:10:07.673 [ main ] - [ INFO  ] [ org.hibernate.jpa.internal.util.LogHelper : 31 ] - HHH000204: Processing PersistenceUnitInfo [
	name: default
	...]
2020-10-05 15:10:07.710 [ main ] - [ INFO  ] [ org.hibernate.Version : 46 ] - HHH000412: Hibernate Core {5.3.7.Final}
2020-10-05 15:10:07.711 [ main ] - [ INFO  ] [ org.hibernate.cfg.Environment : 213 ] - HHH000206: hibernate.properties not found
2020-10-05 15:10:07.801 [ main ] - [ INFO  ] [ org.hibernate.annotations.common.Version : 49 ] - HCANN000001: Hibernate Commons Annotations {5.0.4.Final}
2020-10-05 15:10:07.888 [ main ] - [ INFO  ] [ org.hibernate.dialect.Dialect : 157 ] - HHH000400: Using dialect: org.hibernate.dialect.MySQL5Dialect
2020-10-05 15:10:08.241 [ main ] - [ INFO  ] [ o.s.orm.jpa.LocalContainerEntityManagerFactoryBean : 415 ] - Initialized JPA EntityManagerFactory for persistence unit 'default'
2020-10-05 15:10:08.437 [ main ] - [ INFO  ] [ i.seata.spring.annotation.GlobalTransactionScanner : 231 ] - Bean[org.stlife.buz.seata.service.impl.ProductServiceImpl$$EnhancerBySpringCGLIB$$65bb3206] with name [productServiceImpl] would use interceptor [io.seata.spring.annotation.GlobalTransactionalInterceptor]
2020-10-05 15:10:08.605 [ main ] - [ INFO  ] [ o.s.scheduling.concurrent.ThreadPoolTaskExecutor : 171 ] - Initializing ExecutorService 'applicationTaskExecutor'
2020-10-05 15:10:08.635 [ main ] - [ WARN  ] [ o.s.b.a.o.j.JpaBaseConfiguration$JpaWebConfiguration$JpaWebMvcConfiguration : 236 ] - spring.jpa.open-in-view is enabled by default. Therefore, database queries may be performed during view rendering. Explicitly configure spring.jpa.open-in-view to disable this warning
2020-10-05 15:10:08.788 [ main ] - [ INFO  ] [ org.apache.coyote.http11.Http11NioProtocol : 173 ] - Starting ProtocolHandler ["http-nio-20000"]
2020-10-05 15:10:08.805 [ main ] - [ INFO  ] [ o.s.boot.web.embedded.tomcat.TomcatWebServer : 204 ] - Tomcat started on port(s): 20000 (http) with context path '/buz-seata'
2020-10-05 15:10:08.807 [ main ] - [ INFO  ] [ org.stlife.buz.seata.SeataApplication : 59 ] - Started SeataApplication in 3.007 seconds (JVM running for 3.418)
2020-10-05 15:11:06.899 [ timeoutChecker_1_1 ] - [ INFO  ] [ io.seata.core.rpc.netty.NettyClientChannelManager : 99 ] - will connect to 127.0.0.1:8091
2020-10-05 15:11:06.902 [ timeoutChecker_1_1 ] - [ INFO  ] [ io.seata.core.rpc.netty.NettyPoolableFactory : 56 ] - NettyPool create channel to transactionRole:TMROLE,address:127.0.0.1:8091,msg:< RegisterTMRequest{applicationId='buz-seata', transactionServiceGroup='stlife_seata_tx_group'} >
2020-10-05 15:11:06.909 [ timeoutChecker_2_1 ] - [ INFO  ] [ io.seata.core.rpc.netty.NettyClientChannelManager : 99 ] - will connect to 127.0.0.1:8091
2020-10-05 15:11:06.910 [ timeoutChecker_2_1 ] - [ INFO  ] [ io.seata.core.rpc.netty.NettyPoolableFactory : 56 ] - NettyPool create channel to transactionRole:RMROLE,address:127.0.0.1:8091,msg:< RegisterRMRequest{resourceIds='null', applicationId='buz-seata', transactionServiceGroup='stlife_seata_tx_group'} >
2020-10-05 15:11:06.997 [ timeoutChecker_2_1 ] - [ INFO  ] [ io.seata.core.rpc.netty.RmNettyRemotingClient : 151 ] - register RM success. client version:1.3.0, server version:1.3.0,channel:[id: 0x949b4438, L:/127.0.0.1:57912 - R:/127.0.0.1:8091]
2020-10-05 15:11:06.997 [ timeoutChecker_1_1 ] - [ INFO  ] [ io.seata.core.rpc.netty.TmNettyRemotingClient : 138 ] - register TM success. client version:1.3.0, server version:1.3.0,channel:[id: 0x533b4741, L:/127.0.0.1:57913 - R:/127.0.0.1:8091]
2020-10-05 15:11:07.005 [ timeoutChecker_1_1 ] - [ INFO  ] [ io.seata.core.rpc.netty.NettyPoolableFactory : 81 ] - register success, cost 39 ms, version:1.3.0,role:TMROLE,channel:[id: 0x533b4741, L:/127.0.0.1:57913 - R:/127.0.0.1:8091]
2020-10-05 15:11:07.005 [ timeoutChecker_2_1 ] - [ INFO  ] [ io.seata.core.rpc.netty.NettyPoolableFactory : 81 ] - register success, cost 38 ms, version:1.3.0,role:RMROLE,channel:[id: 0x949b4438, L:/127.0.0.1:57912 - R:/127.0.0.1:8091]
2020-10-05 15:59:21.547 [ http-nio-20000-exec-1 ] - [ INFO  ] [ o.a.c.c.C.[Tomcat].[localhost].[/buz-seata] : 173 ] - Initializing Spring DispatcherServlet 'dispatcherServlet'
2020-10-05 15:59:21.547 [ http-nio-20000-exec-1 ] - [ INFO  ] [ org.springframework.web.servlet.DispatcherServlet : 524 ] - Initializing Servlet 'dispatcherServlet'
2020-10-05 15:59:21.552 [ http-nio-20000-exec-1 ] - [ INFO  ] [ org.springframework.web.servlet.DispatcherServlet : 546 ] - Completed initialization in 5 ms
2020-10-05 15:59:21.576 [ http-nio-20000-exec-1 ] - [ INFO  ] [ io.seata.tm.TransactionManagerHolder : 40 ] - TransactionManager Singleton io.seata.tm.DefaultTransactionManager@70a3af25
2020-10-05 15:59:21.584 [ http-nio-20000-exec-1 ] - [ INFO  ] [ io.seata.tm.api.DefaultGlobalTransaction : 108 ] - Begin new global transaction [192.168.43.225:8091:56411549941501952]
2020-10-05 15:59:21.593 [ http-nio-20000-exec-1 ] - [ INFO  ] [ o.stlife.buz.seata.service.impl.ProductServiceImpl : 37 ] - seata id:192.168.43.225:8091:56411549941501952
2020-10-05 15:59:21.653 [ http-nio-20000-exec-1 ] - [ INFO  ] [ io.seata.tm.api.DefaultGlobalTransaction : 143 ] - [192.168.43.225:8091:56411549941501952] commit status: Committed
