2020-09-28 13:50:41.631 [ main ] - [ INFO  ] [ org.stlife.ac.web.AccessControlApplication : 50 ] - Starting AccessControlApplication on stlife with PID 13724 (/Users/stlife/tech/java/springboot/stlife/stlife-ac/ac-web/target/classes started by stlife in /Users/stlife/tech/java/springboot/stlife)
2020-09-28 13:50:41.634 [ main ] - [ INFO  ] [ org.stlife.ac.web.AccessControlApplication : 675 ] - No active profile set, falling back to default profiles: default
2020-09-28 13:50:42.242 [ main ] - [ WARN  ] [ org.mybatis.spring.mapper.ClassPathMapperScanner : 166 ] - No MyBatis mapper was found in '[org.stlife.ac.web]' package. Please check your configuration.
2020-09-28 13:50:42.984 [ main ] - [ INFO  ] [ o.s.boot.web.embedded.tomcat.TomcatWebServer : 90 ] - Tomcat initialized with port(s): 8080 (http)
2020-09-28 13:50:43.002 [ main ] - [ INFO  ] [ org.apache.coyote.http11.Http11NioProtocol : 173 ] - Initializing ProtocolHandler ["http-nio-8080"]
2020-09-28 13:50:43.010 [ main ] - [ INFO  ] [ org.apache.catalina.core.StandardService : 173 ] - Starting service [Tomcat]
2020-09-28 13:50:43.011 [ main ] - [ INFO  ] [ org.apache.catalina.core.StandardEngine : 173 ] - Starting Servlet engine: [Apache Tomcat/9.0.16]
2020-09-28 13:50:43.017 [ main ] - [ INFO  ] [ org.apache.catalina.core.AprLifecycleListener : 173 ] - The APR based Apache Tomcat Native library which allows optimal performance in production environments was not found on the java.library.path: [/Users/stlife/Library/Java/Extensions:/Library/Java/Extensions:/Network/Library/Java/Extensions:/System/Library/Java/Extensions:/usr/lib/java:.]
2020-09-28 13:50:43.112 [ main ] - [ INFO  ] [ o.a.c.core.ContainerBase.[Tomcat].[localhost].[/] : 173 ] - Initializing Spring embedded WebApplicationContext
2020-09-28 13:50:43.112 [ main ] - [ INFO  ] [ org.springframework.web.context.ContextLoader : 296 ] - Root WebApplicationContext: initialization completed in 1447 ms
2020-09-28 13:50:43.395 [ main ] - [ INFO  ] [ com.zaxxer.hikari.HikariDataSource : 110 ] - HikariPool-1 - Starting...
2020-09-28 13:50:43.557 [ main ] - [ INFO  ] [ com.zaxxer.hikari.HikariDataSource : 123 ] - HikariPool-1 - Start completed.
2020-09-28 13:50:43.599 [ main ] - [ WARN  ] [ o.s.ac.authority.configuration.SecurityInterceptor : 159 ] - Could not validate configuration attributes as the SecurityMetadataSource did not return any attributes from getAllConfigAttributes()
2020-09-28 13:50:43.922 [ main ] - [ INFO  ] [ o.s.security.web.DefaultSecurityFilterChain : 43 ] - Creating filter chain: any request, [org.springframework.security.web.context.request.async.WebAsyncManagerIntegrationFilter@29c53c4f, org.springframework.security.web.context.SecurityContextPersistenceFilter@93bf0e0, org.springframework.security.web.header.HeaderWriterFilter@682e422c, org.springframework.security.web.authentication.logout.LogoutFilter@28ee882c, org.stlife.ac.web.filter.JwtTokenFilter@72557746, org.springframework.security.web.savedrequest.RequestCacheAwareFilter@656842bc, org.springframework.security.web.servletapi.SecurityContextHolderAwareRequestFilter@143fefaf, org.springframework.security.web.authentication.AnonymousAuthenticationFilter@3009eed7, org.springframework.security.web.session.SessionManagementFilter@62f9c790, org.springframework.security.web.access.ExceptionTranslationFilter@4137aab0, org.springframework.security.web.access.intercept.FilterSecurityInterceptor@77083e41]
2020-09-28 13:50:44.073 [ main ] - [ INFO  ] [ o.s.scheduling.concurrent.ThreadPoolTaskExecutor : 171 ] - Initializing ExecutorService 'applicationTaskExecutor'
2020-09-28 13:50:44.199 [ main ] - [ WARN  ] [ org.thymeleaf.templatemode.TemplateMode : 150 ] - [THYMELEAF][main] Template Mode 'HTML5' is deprecated. Using Template Mode 'HTML' instead.
2020-09-28 13:50:44.238 [ main ] - [ INFO  ] [ o.s.b.a.web.servlet.WelcomePageHandlerMapping : 61 ] - Adding welcome page template: index
2020-09-28 13:50:44.380 [ main ] - [ INFO  ] [ org.apache.coyote.http11.Http11NioProtocol : 173 ] - Starting ProtocolHandler ["http-nio-8080"]
2020-09-28 13:50:44.439 [ main ] - [ INFO  ] [ o.s.boot.web.embedded.tomcat.TomcatWebServer : 204 ] - Tomcat started on port(s): 8080 (http) with context path ''
2020-09-28 13:50:44.442 [ main ] - [ INFO  ] [ org.stlife.ac.web.AccessControlApplication : 59 ] - Started AccessControlApplication in 3.227 seconds (JVM running for 3.8)
2020-09-28 13:51:17.649 [ http-nio-8080-exec-1 ] - [ INFO  ] [ o.a.c.core.ContainerBase.[Tomcat].[localhost].[/] : 173 ] - Initializing Spring DispatcherServlet 'dispatcherServlet'
2020-09-28 13:51:17.649 [ http-nio-8080-exec-1 ] - [ INFO  ] [ org.springframework.web.servlet.DispatcherServlet : 524 ] - Initializing Servlet 'dispatcherServlet'
2020-09-28 13:51:17.657 [ http-nio-8080-exec-1 ] - [ INFO  ] [ org.springframework.web.servlet.DispatcherServlet : 546 ] - Completed initialization in 8 ms
2020-09-28 13:51:17.697 [ http-nio-8080-exec-1 ] - [ INFO  ] [ o.stlife.commons.logging.service.AspectLogService : 59 ] - [REQUEST][[org.stlife.ac.web.controller.MainController:root][/][GET][0:0:0:0:0:0:0:1]][]
2020-09-28 13:51:17.699 [ http-nio-8080-exec-1 ] - [ INFO  ] [ o.stlife.commons.logging.service.AspectLogService : 71 ] - [RESPONSE][[org.stlife.ac.web.controller.MainController:root][/][GET][0:0:0:0:0:0:0:1]][4ms]
2020-09-28 13:51:17.700 [ http-nio-8080-exec-1 ] - [ INFO  ] [ o.stlife.commons.logging.service.AspectLogService : 83 ] - [RESPONSE][[org.stlife.ac.web.controller.MainController:root][/][GET][0:0:0:0:0:0:0:1]][5ms][redirect:/index]
2020-09-28 13:53:59.244 [ Thread-9 ] - [ INFO  ] [ o.s.scheduling.concurrent.ThreadPoolTaskExecutor : 208 ] - Shutting down ExecutorService 'applicationTaskExecutor'
2020-09-28 13:53:59.245 [ Thread-9 ] - [ INFO  ] [ com.zaxxer.hikari.HikariDataSource : 350 ] - HikariPool-1 - Shutdown initiated...
2020-09-28 13:53:59.248 [ Thread-9 ] - [ INFO  ] [ com.zaxxer.hikari.HikariDataSource : 352 ] - HikariPool-1 - Shutdown completed.
2020-09-28 13:54:05.695 [ main ] - [ INFO  ] [ org.stlife.ac.web.AccessControlApplication : 50 ] - Starting AccessControlApplication on stlife with PID 13788 (/Users/stlife/tech/java/springboot/stlife/stlife-ac/ac-web/target/classes started by stlife in /Users/stlife/tech/java/springboot/stlife)
2020-09-28 13:54:05.699 [ main ] - [ INFO  ] [ org.stlife.ac.web.AccessControlApplication : 675 ] - No active profile set, falling back to default profiles: default
2020-09-28 13:54:06.201 [ main ] - [ WARN  ] [ org.mybatis.spring.mapper.ClassPathMapperScanner : 166 ] - No MyBatis mapper was found in '[org.stlife.ac.web]' package. Please check your configuration.
2020-09-28 13:54:06.771 [ main ] - [ INFO  ] [ o.s.boot.web.embedded.tomcat.TomcatWebServer : 90 ] - Tomcat initialized with port(s): 8080 (http)
2020-09-28 13:54:06.781 [ main ] - [ INFO  ] [ org.apache.coyote.http11.Http11NioProtocol : 173 ] - Initializing ProtocolHandler ["http-nio-8080"]
2020-09-28 13:54:06.788 [ main ] - [ INFO  ] [ org.apache.catalina.core.StandardService : 173 ] - Starting service [Tomcat]
2020-09-28 13:54:06.789 [ main ] - [ INFO  ] [ org.apache.catalina.core.StandardEngine : 173 ] - Starting Servlet engine: [Apache Tomcat/9.0.16]
2020-09-28 13:54:06.794 [ main ] - [ INFO  ] [ org.apache.catalina.core.AprLifecycleListener : 173 ] - The APR based Apache Tomcat Native library which allows optimal performance in production environments was not found on the java.library.path: [/Users/stlife/Library/Java/Extensions:/Library/Java/Extensions:/Network/Library/Java/Extensions:/System/Library/Java/Extensions:/usr/lib/java:.]
2020-09-28 13:54:06.873 [ main ] - [ INFO  ] [ o.a.c.core.ContainerBase.[Tomcat].[localhost].[/] : 173 ] - Initializing Spring embedded WebApplicationContext
2020-09-28 13:54:06.874 [ main ] - [ INFO  ] [ org.springframework.web.context.ContextLoader : 296 ] - Root WebApplicationContext: initialization completed in 1140 ms
2020-09-28 13:54:07.099 [ main ] - [ INFO  ] [ com.zaxxer.hikari.HikariDataSource : 110 ] - HikariPool-1 - Starting...
2020-09-28 13:54:07.197 [ main ] - [ INFO  ] [ com.zaxxer.hikari.HikariDataSource : 123 ] - HikariPool-1 - Start completed.
2020-09-28 13:54:07.228 [ main ] - [ WARN  ] [ o.s.ac.authority.configuration.SecurityInterceptor : 159 ] - Could not validate configuration attributes as the SecurityMetadataSource did not return any attributes from getAllConfigAttributes()
2020-09-28 13:54:07.493 [ main ] - [ INFO  ] [ o.s.security.web.DefaultSecurityFilterChain : 43 ] - Creating filter chain: any request, [org.springframework.security.web.context.request.async.WebAsyncManagerIntegrationFilter@5a48da4f, org.springframework.security.web.context.SecurityContextPersistenceFilter@5ec88f9e, org.springframework.security.web.header.HeaderWriterFilter@1d289d3f, org.springframework.security.web.authentication.logout.LogoutFilter@118041c7, org.stlife.ac.web.filter.JwtTokenFilter@4971f459, org.springframework.security.web.savedrequest.RequestCacheAwareFilter@3b11620a, org.springframework.security.web.servletapi.SecurityContextHolderAwareRequestFilter@2fd39436, org.springframework.security.web.authentication.AnonymousAuthenticationFilter@a0c5be, org.springframework.security.web.session.SessionManagementFilter@4a216eb4, org.springframework.security.web.access.ExceptionTranslationFilter@44d7e24, org.springframework.security.web.access.intercept.FilterSecurityInterceptor@15e8f9b2]
2020-09-28 13:54:07.617 [ main ] - [ INFO  ] [ o.s.scheduling.concurrent.ThreadPoolTaskExecutor : 171 ] - Initializing ExecutorService 'applicationTaskExecutor'
2020-09-28 13:54:07.715 [ main ] - [ WARN  ] [ org.thymeleaf.templatemode.TemplateMode : 150 ] - [THYMELEAF][main] Template Mode 'HTML5' is deprecated. Using Template Mode 'HTML' instead.
2020-09-28 13:54:07.740 [ main ] - [ INFO  ] [ o.s.b.a.web.servlet.WelcomePageHandlerMapping : 61 ] - Adding welcome page template: index
2020-09-28 13:54:07.858 [ main ] - [ INFO  ] [ org.apache.coyote.http11.Http11NioProtocol : 173 ] - Starting ProtocolHandler ["http-nio-8080"]
2020-09-28 13:54:07.884 [ main ] - [ INFO  ] [ o.s.boot.web.embedded.tomcat.TomcatWebServer : 204 ] - Tomcat started on port(s): 8080 (http) with context path ''
2020-09-28 13:54:07.887 [ main ] - [ INFO  ] [ org.stlife.ac.web.AccessControlApplication : 59 ] - Started AccessControlApplication in 2.628 seconds (JVM running for 3.158)
2020-09-28 13:54:19.402 [ http-nio-8080-exec-1 ] - [ INFO  ] [ o.a.c.core.ContainerBase.[Tomcat].[localhost].[/] : 173 ] - Initializing Spring DispatcherServlet 'dispatcherServlet'
2020-09-28 13:54:19.402 [ http-nio-8080-exec-1 ] - [ INFO  ] [ org.springframework.web.servlet.DispatcherServlet : 524 ] - Initializing Servlet 'dispatcherServlet'
2020-09-28 13:54:19.409 [ http-nio-8080-exec-1 ] - [ INFO  ] [ org.springframework.web.servlet.DispatcherServlet : 546 ] - Completed initialization in 7 ms
2020-09-28 13:54:19.445 [ http-nio-8080-exec-1 ] - [ INFO  ] [ o.stlife.commons.logging.service.AspectLogService : 60 ] - [REQUEST][[org.stlife.ac.web.controller.MainController:index][/index][GET][0:0:0:0:0:0:0:1]][]
2020-09-28 13:54:19.447 [ http-nio-8080-exec-1 ] - [ INFO  ] [ o.stlife.commons.logging.service.AspectLogService : 72 ] - [RESPONSE][[org.stlife.ac.web.controller.MainController:index][/index][GET][0:0:0:0:0:0:0:1]][3ms]
2020-09-28 13:54:19.448 [ http-nio-8080-exec-1 ] - [ INFO  ] [ o.stlife.commons.logging.service.AspectLogService : 84 ] - [RESPONSE][[org.stlife.ac.web.controller.MainController:index][/index][GET][0:0:0:0:0:0:0:1]][4ms][index]
2020-09-28 13:56:36.689 [ Thread-7 ] - [ INFO  ] [ o.s.scheduling.concurrent.ThreadPoolTaskExecutor : 208 ] - Shutting down ExecutorService 'applicationTaskExecutor'
2020-09-28 13:56:36.690 [ Thread-7 ] - [ INFO  ] [ com.zaxxer.hikari.HikariDataSource : 350 ] - HikariPool-1 - Shutdown initiated...
2020-09-28 13:56:36.692 [ Thread-7 ] - [ INFO  ] [ com.zaxxer.hikari.HikariDataSource : 352 ] - HikariPool-1 - Shutdown completed.
2020-09-28 13:56:41.727 [ main ] - [ INFO  ] [ org.stlife.ac.web.AccessControlApplication : 50 ] - Starting AccessControlApplication on stlife with PID 13814 (/Users/stlife/tech/java/springboot/stlife/stlife-ac/ac-web/target/classes started by stlife in /Users/stlife/tech/java/springboot/stlife)
2020-09-28 13:56:41.730 [ main ] - [ INFO  ] [ org.stlife.ac.web.AccessControlApplication : 675 ] - No active profile set, falling back to default profiles: default
2020-09-28 13:56:42.212 [ main ] - [ WARN  ] [ org.mybatis.spring.mapper.ClassPathMapperScanner : 166 ] - No MyBatis mapper was found in '[org.stlife.ac.web]' package. Please check your configuration.
2020-09-28 13:56:42.865 [ main ] - [ INFO  ] [ o.s.boot.web.embedded.tomcat.TomcatWebServer : 90 ] - Tomcat initialized with port(s): 8080 (http)
2020-09-28 13:56:42.876 [ main ] - [ INFO  ] [ org.apache.coyote.http11.Http11NioProtocol : 173 ] - Initializing ProtocolHandler ["http-nio-8080"]
2020-09-28 13:56:42.883 [ main ] - [ INFO  ] [ org.apache.catalina.core.StandardService : 173 ] - Starting service [Tomcat]
2020-09-28 13:56:42.883 [ main ] - [ INFO  ] [ org.apache.catalina.core.StandardEngine : 173 ] - Starting Servlet engine: [Apache Tomcat/9.0.16]
2020-09-28 13:56:42.888 [ main ] - [ INFO  ] [ org.apache.catalina.core.AprLifecycleListener : 173 ] - The APR based Apache Tomcat Native library which allows optimal performance in production environments was not found on the java.library.path: [/Users/stlife/Library/Java/Extensions:/Library/Java/Extensions:/Network/Library/Java/Extensions:/System/Library/Java/Extensions:/usr/lib/java:.]
2020-09-28 13:56:42.971 [ main ] - [ INFO  ] [ o.a.c.core.ContainerBase.[Tomcat].[localhost].[/] : 173 ] - Initializing Spring embedded WebApplicationContext
2020-09-28 13:56:42.971 [ main ] - [ INFO  ] [ org.springframework.web.context.ContextLoader : 296 ] - Root WebApplicationContext: initialization completed in 1209 ms
2020-09-28 13:56:43.180 [ main ] - [ INFO  ] [ com.zaxxer.hikari.HikariDataSource : 110 ] - HikariPool-1 - Starting...
2020-09-28 13:56:43.277 [ main ] - [ INFO  ] [ com.zaxxer.hikari.HikariDataSource : 123 ] - HikariPool-1 - Start completed.
2020-09-28 13:56:43.308 [ main ] - [ WARN  ] [ o.s.ac.authority.configuration.SecurityInterceptor : 159 ] - Could not validate configuration attributes as the SecurityMetadataSource did not return any attributes from getAllConfigAttributes()
2020-09-28 13:56:43.554 [ main ] - [ INFO  ] [ o.s.security.web.DefaultSecurityFilterChain : 43 ] - Creating filter chain: any request, [org.springframework.security.web.context.request.async.WebAsyncManagerIntegrationFilter@79252c83, org.springframework.security.web.context.SecurityContextPersistenceFilter@6f1fa1d0, org.springframework.security.web.header.HeaderWriterFilter@28768e25, org.springframework.security.web.authentication.logout.LogoutFilter@3c18942, org.stlife.ac.web.filter.JwtTokenFilter@fb5aeed, org.springframework.security.web.savedrequest.RequestCacheAwareFilter@52ba685a, org.springframework.security.web.servletapi.SecurityContextHolderAwareRequestFilter@1eeb5818, org.springframework.security.web.authentication.AnonymousAuthenticationFilter@6fbf5db2, org.springframework.security.web.session.SessionManagementFilter@3a0b6a, org.springframework.security.web.access.ExceptionTranslationFilter@595f9916, org.springframework.security.web.access.intercept.FilterSecurityInterceptor@4a1a412e]
2020-09-28 13:56:43.670 [ main ] - [ INFO  ] [ o.s.scheduling.concurrent.ThreadPoolTaskExecutor : 171 ] - Initializing ExecutorService 'applicationTaskExecutor'
2020-09-28 13:56:43.758 [ main ] - [ WARN  ] [ org.thymeleaf.templatemode.TemplateMode : 150 ] - [THYMELEAF][main] Template Mode 'HTML5' is deprecated. Using Template Mode 'HTML' instead.
2020-09-28 13:56:43.783 [ main ] - [ INFO  ] [ o.s.b.a.web.servlet.WelcomePageHandlerMapping : 61 ] - Adding welcome page template: index
2020-09-28 13:56:43.890 [ main ] - [ INFO  ] [ org.apache.coyote.http11.Http11NioProtocol : 173 ] - Starting ProtocolHandler ["http-nio-8080"]
2020-09-28 13:56:43.915 [ main ] - [ INFO  ] [ o.s.boot.web.embedded.tomcat.TomcatWebServer : 204 ] - Tomcat started on port(s): 8080 (http) with context path ''
2020-09-28 13:56:43.918 [ main ] - [ INFO  ] [ org.stlife.ac.web.AccessControlApplication : 59 ] - Started AccessControlApplication in 2.577 seconds (JVM running for 3.086)
2020-09-28 13:56:51.760 [ http-nio-8080-exec-1 ] - [ INFO  ] [ o.a.c.core.ContainerBase.[Tomcat].[localhost].[/] : 173 ] - Initializing Spring DispatcherServlet 'dispatcherServlet'
2020-09-28 13:56:51.761 [ http-nio-8080-exec-1 ] - [ INFO  ] [ org.springframework.web.servlet.DispatcherServlet : 524 ] - Initializing Servlet 'dispatcherServlet'
2020-09-28 13:56:51.767 [ http-nio-8080-exec-1 ] - [ INFO  ] [ org.springframework.web.servlet.DispatcherServlet : 546 ] - Completed initialization in 6 ms
2020-09-28 13:56:51.803 [ http-nio-8080-exec-1 ] - [ INFO  ] [ o.stlife.commons.logging.service.AspectLogService : 60 ] - [REQUEST][[org.stlife.ac.web.controller.MainController:index][/index][GET][0:0:0:0:0:0:0:1]][]
2020-09-28 13:56:51.806 [ http-nio-8080-exec-1 ] - [ INFO  ] [ o.stlife.commons.logging.service.AspectLogService : 84 ] - [RESPONSE][[org.stlife.ac.web.controller.MainController:index][/index][GET][0:0:0:0:0:0:0:1]][4ms][index]
2020-09-28 19:45:04.793 [ HikariPool-1 housekeeper ] - [ WARN  ] [ com.zaxxer.hikari.pool.HikariPool : 766 ] - HikariPool-1 - Thread starvation or clock leap detected (housekeeper delta=2h15m19s633ms).
